<?xml version="1.0" encoding="UTF-8"?>
<!-- Generated by org.testng.reporters.JUnitXMLReporter -->
<testsuite ignored="4" hostname="JesusGodsGift" failures="0" tests="7" name="OrangeHRMTest" time="37.126" errors="0" timestamp="2026-06-26T08:03:39 IST">
  <testcase classname="com.orangehrm.test.DummyClass" name="dummyTest" time="0.015"/>
  <testcase classname="com.orangehrm.test.DummyClass2" name="dummyTest2" time="0.007"/>
  <testcase classname="com.orangehrm.test.LoginPageTest" name="inValidLoginTest" time="1.327"/>
  <testcase classname="com.orangehrm.test.LoginPageTest" name="verifyValidLoginTest" time="3.262"/>
  <testcase classname="com.orangehrm.test.HomePageTest" name="verifyOrangeHRMLogo" time="3.266"/>
  <testcase classname="com.orangehrm.test.ApiTest" name="verifyGetUserAPI" time="1.79"/>
  <testcase classname="com.orangehrm.test.DBVerificationTest" name="verifyEmployeeNameVerificationFromDB" time="6.118"/>
  <testcase classname="com.orangehrm.base.BaseClass" name="@BeforeSuite loadConfig" time="0.0">
    <ignored/>
  </testcase> <!-- @BeforeSuite loadConfig -->
  <testcase classname="com.orangehrm.base.BaseClass" name="@BeforeSuite loadConfig" time="0.0">
    <ignored/>
  </testcase> <!-- @BeforeSuite loadConfig -->
  <testcase classname="com.orangehrm.base.BaseClass" name="@BeforeSuite loadConfig" time="0.0">
    <ignored/>
  </testcase> <!-- @BeforeSuite loadConfig -->
  <testcase classname="com.orangehrm.base.BaseClass" name="@BeforeSuite loadConfig" time="0.0">
    <ignored/>
  </testcase> <!-- @BeforeSuite loadConfig -->
</testsuite> <!-- OrangeHRMTest -->
