<?xml version="1.0" encoding="UTF-8"?>
<!-- Generated by org.testng.reporters.JUnitXMLReporter -->
<testsuite ignored="2" hostname="JesusGodsGift" failures="0" tests="4" name="OrangeHRMTest_firefox" time="35.54" errors="0" timestamp="2026-06-27T18:04:07 IST">
  <testcase classname="com.orangehrm.test.DBVerificationTest" name="verifyEmployeeNameVerificationFromDB" time="6.114"/>
  <testcase classname="com.orangehrm.test.LoginPageTest" name="inValidLoginTest" time="1.546"/>
  <testcase classname="com.orangehrm.test.LoginPageTest" name="verifyValidLoginTest" time="4.053"/>
  <testcase classname="com.orangehrm.test.HomePageTest" name="verifyOrangeHRMLogo" time="3.857"/>
  <testcase classname="com.orangehrm.base.BaseClass" name="@BeforeSuite loadConfig" time="0.0">
    <ignored/>
  </testcase> <!-- @BeforeSuite loadConfig -->
  <testcase classname="com.orangehrm.base.BaseClass" name="@BeforeSuite loadConfig" time="0.0">
    <ignored/>
  </testcase> <!-- @BeforeSuite loadConfig -->
</testsuite> <!-- OrangeHRMTest_firefox -->
