<?xml version="1.0" encoding="UTF-8"?>
<!-- Generated by org.testng.reporters.JUnitXMLReporter -->
<testsuite ignored="1" hostname="JesusGodsGift" failures="0" tests="3" name="OrangeHRMTest_firefox" time="136.367" errors="0" timestamp="2026-06-27T18:23:47 IST">
  <testcase classname="com.orangehrm.test.LoginPageTest" name="inValidLoginTest" time="4.609"/>
  <testcase classname="com.orangehrm.test.LoginPageTest" name="verifyValidLoginTest" time="10.781"/>
  <testcase classname="com.orangehrm.test.HomePageTest" name="verifyOrangeHRMLogo" time="7.943"/>
  <testcase classname="com.orangehrm.base.BaseClass" name="@BeforeSuite loadConfig" time="0.0">
    <ignored/>
  </testcase> <!-- @BeforeSuite loadConfig -->
</testsuite> <!-- OrangeHRMTest_firefox -->
