<?xml version="1.0" encoding="UTF-8"?>
<!-- Generated by org.testng.reporters.JUnitXMLReporter -->
<testsuite ignored="1" hostname="JesusGodsGift" failures="0" tests="2" name="OrangeHRMTest_edge" time="43.51" errors="0" timestamp="2026-06-27T18:22:14 IST">
  <testcase classname="com.orangehrm.test.DummyClass" name="dummyTest" time="0.009"/>
  <testcase classname="com.orangehrm.test.DummyClass2" name="dummyTest2" time="0.009"/>
  <testcase classname="com.orangehrm.base.BaseClass" name="@BeforeSuite loadConfig" time="0.0">
    <ignored/>
  </testcase> <!-- @BeforeSuite loadConfig -->
</testsuite> <!-- OrangeHRMTest_edge -->
