<?xml version="1.0" encoding="UTF-8"?>
<!-- Generated by org.testng.reporters.JUnitXMLReporter -->
<testsuite ignored="2" hostname="JesusGodsGift" failures="0" tests="2" name="OrangeHRMTest1" time="60.91" errors="0" timestamp="2026-06-09T17:26:56 IST">
  <testcase classname="com.OrangeHRM.test.DummyTest" name="dummyTest" time="0.008"/>
  <testcase classname="com.OrangeHRM.test.DummyTest2" name="dummyTest" time="0.008"/>
  <testcase classname="com.orangehrm.base.BaseClass" name="@BeforeSuite loadconfig" time="0.0">
    <ignored/>
  </testcase> <!-- @BeforeSuite loadconfig -->
  <testcase classname="com.orangehrm.base.BaseClass" name="@BeforeSuite loadconfig" time="0.0">
    <ignored/>
  </testcase> <!-- @BeforeSuite loadconfig -->
</testsuite> <!-- OrangeHRMTest1 -->
