<?xml version="1.0" encoding="UTF-8"?>
<!-- Generated by org.testng.reporters.JUnitXMLReporter -->
<testsuite ignored="3" hostname="JesusGodsGift" failures="0" tests="5" name="OrangeHRMTest" time="67.091" errors="0" timestamp="2026-06-13T13:01:30 IST">
  <testcase classname="com.OrangeHRM.test.DummyTest" name="dummyTest" time="0.015"/>
  <testcase classname="com.OrangeHRM.test.DummyTest2" name="dummyTest" time="0.008"/>
  <testcase classname="com.OrangeHRM.test.LoginPageTest" name="inValidLoginTest" time="2.42"/>
  <testcase classname="com.OrangeHRM.test.LoginPageTest" name="verifyValidLoginTest" time="5.292"/>
  <testcase classname="com.OrangeHRM.test.HomePageTest" name="verfiyOrangeHRMLogo" time="1.728"/>
  <testcase classname="com.orangehrm.base.BaseClass" name="@BeforeSuite loadconfig" time="0.0">
    <ignored/>
  </testcase> <!-- @BeforeSuite loadconfig -->
  <testcase classname="com.orangehrm.base.BaseClass" name="@BeforeSuite loadconfig" time="0.0">
    <ignored/>
  </testcase> <!-- @BeforeSuite loadconfig -->
  <testcase classname="com.orangehrm.base.BaseClass" name="@BeforeSuite loadconfig" time="0.0">
    <ignored/>
  </testcase> <!-- @BeforeSuite loadconfig -->
</testsuite> <!-- OrangeHRMTest -->
