<?xml version="1.0" encoding="UTF-8"?>
<!-- Generated by org.testng.reporters.JUnitXMLReporter -->
<testsuite ignored="3" hostname="JesusGodsGift" failures="2" tests="9" name="OrangeHRMTest" time="109.817" errors="0" timestamp="2026-06-24T18:55:37 IST">
  <testcase classname="com.orangehrm.test.DummyClass2" name="dummyTest2" time="0.023"/>
  <testcase classname="com.orangehrm.test.DummyClass" name="dummyTest" time="0.06"/>
  <testcase classname="com.orangehrm.test.LoginPageTest" name="inValidLoginTest" time="1.739"/>
  <testcase classname="com.orangehrm.test.HomePageTest" name="verifyOrangeHRMLogo" time="31.027">
    <skipped/>
  </testcase> <!-- verifyOrangeHRMLogo -->
  <testcase classname="com.orangehrm.test.LoginPageTest" name="verifyValidLoginTest" time="30.81">
    <skipped/>
  </testcase> <!-- verifyValidLoginTest -->
  <testcase classname="com.orangehrm.test.HomePageTest" name="verifyOrangeHRMLogo" time="30.977">
    <skipped/>
  </testcase> <!-- verifyOrangeHRMLogo -->
  <testcase classname="com.orangehrm.test.LoginPageTest" name="verifyValidLoginTest" time="30.664">
    <skipped/>
  </testcase> <!-- verifyValidLoginTest -->
  <testcase classname="com.orangehrm.test.HomePageTest" name="verifyOrangeHRMLogo" time="31.109">
    <failure type="java.lang.AssertionError" message="Logo is not visible expected [true] but found [false]">
      <![CDATA[java.lang.AssertionError: Logo is not visible expected [true] but found [false]
at com.orangehrm.test.HomePageTest.verifyOrangeHRMLogo(HomePageTest.java:30)
at java.base/java.util.concurrent.Executors$RunnableAdapter.call(Executors.java:539)
at java.base/java.util.concurrent.FutureTask.run(FutureTask.java:264)
at java.base/java.util.concurrent.ThreadPoolExecutor.runWorker(ThreadPoolExecutor.java:1136)
at java.base/java.util.concurrent.ThreadPoolExecutor$Worker.run(ThreadPoolExecutor.java:635)
at java.base/java.lang.Thread.run(Thread.java:840)
... Removed 16 stack frames]]>
    </failure>
  </testcase> <!-- verifyOrangeHRMLogo -->
  <testcase classname="com.orangehrm.test.LoginPageTest" name="verifyValidLoginTest" time="31.229">
    <failure type="java.lang.AssertionError" message="Admin tab should be visible after successfull login  expected [true] but found [false]">
      <![CDATA[java.lang.AssertionError: Admin tab should be visible after successfull login  expected [true] but found [false]
at com.orangehrm.test.LoginPageTest.verifyValidLoginTest(LoginPageTest.java:32)
at java.base/java.util.concurrent.Executors$RunnableAdapter.call(Executors.java:539)
at java.base/java.util.concurrent.FutureTask.run(FutureTask.java:264)
at java.base/java.util.concurrent.ThreadPoolExecutor.runWorker(ThreadPoolExecutor.java:1136)
at java.base/java.util.concurrent.ThreadPoolExecutor$Worker.run(ThreadPoolExecutor.java:635)
at java.base/java.lang.Thread.run(Thread.java:840)
... Removed 16 stack frames]]>
    </failure>
  </testcase> <!-- verifyValidLoginTest -->
  <testcase classname="com.orangehrm.base.BaseClass" name="@BeforeSuite loadConfig" time="0.0">
    <ignored/>
  </testcase> <!-- @BeforeSuite loadConfig -->
  <testcase classname="com.orangehrm.base.BaseClass" name="@BeforeSuite loadConfig" time="0.0">
    <ignored/>
  </testcase> <!-- @BeforeSuite loadConfig -->
  <testcase classname="com.orangehrm.base.BaseClass" name="@BeforeSuite loadConfig" time="0.0">
    <ignored/>
  </testcase> <!-- @BeforeSuite loadConfig -->
</testsuite> <!-- OrangeHRMTest -->
