<?xml version="1.0" encoding="UTF-8"?>
<testsuite xmlns:xsi="http://www.w3.org/2001/XMLSchema-instance" xsi:noNamespaceSchemaLocation="https://maven.apache.org/surefire/maven-surefire-plugin/xsd/surefire-test-report.xsd" version="3.0.1" name="TestSuite" time="111.655" tests="9" errors="0" skipped="4" failures="2">
  <properties>
[...]
</properties>
  <testcase name="dummyTest2" classname="com.orangehrm.test.DummyClass2" time="0.071">
    <system-out><![CDATA[2026-06-24 19:16:52 [main] INFO  BaseClass - config.properties file loaded
Setting up WebDriver for:DummyClass
Setting up WebDriver for:DummyClass2
Setting up WebDriver for:HomePageTest
Setting up WebDriver for:LoginPageTest
2026-06-24 19:16:54 [TestNG-test-OrangeHRMTest-2] INFO  BaseClass - ChromeDriver Instance is created.
2026-06-24 19:16:54 [TestNG-test-OrangeHRMTest-1] INFO  BaseClass - ChromeDriver Instance is created.
2026-06-24 19:16:54 [TestNG-test-OrangeHRMTest-4] INFO  BaseClass - ChromeDriver Instance is created.
2026-06-24 19:16:54 [TestNG-test-OrangeHRMTest-3] INFO  BaseClass - ChromeDriver Instance is created.
2026-06-24 19:16:57 [TestNG-test-OrangeHRMTest-1] INFO  BaseClass - WebDriver Initialized and Browser Maximized
2026-06-24 19:16:57 [TestNG-test-OrangeHRMTest-2] INFO  BaseClass - WebDriver Initialized and Browser Maximized
2026-06-24 19:16:57 [TestNG-test-OrangeHRMTest-2] TRACE BaseClass - This is a Trace message
2026-06-24 19:16:57 [TestNG-test-OrangeHRMTest-1] TRACE BaseClass - This is a Trace message
2026-06-24 19:16:57 [TestNG-test-OrangeHRMTest-1] ERROR BaseClass - This is a error message
2026-06-24 19:16:57 [TestNG-test-OrangeHRMTest-2] ERROR BaseClass - This is a error message
2026-06-24 19:16:57 [TestNG-test-OrangeHRMTest-1] DEBUG BaseClass - This is a debug message
2026-06-24 19:16:57 [TestNG-test-OrangeHRMTest-2] DEBUG BaseClass - This is a debug message
2026-06-24 19:16:57 [TestNG-test-OrangeHRMTest-1] FATAL BaseClass - This is a fatal message
2026-06-24 19:16:57 [TestNG-test-OrangeHRMTest-2] FATAL BaseClass - This is a fatal message
2026-06-24 19:16:57 [TestNG-test-OrangeHRMTest-1] WARN  BaseClass - This is a warm message
2026-06-24 19:16:57 [TestNG-test-OrangeHRMTest-2] WARN  BaseClass - This is a warm message
2026-06-24 19:16:57 [TestNG-test-OrangeHRMTest-1] INFO  ActionDriver - WebDriver instance is created.
2026-06-24 19:16:57 [TestNG-test-OrangeHRMTest-2] INFO  ActionDriver - WebDriver instance is created.
2026-06-24 19:16:57 [TestNG-test-OrangeHRMTest-1] INFO  BaseClass - ActionDriver initlialized for thread: 34
2026-06-24 19:16:57 [TestNG-test-OrangeHRMTest-2] INFO  BaseClass - ActionDriver initlialized for thread: 35
Test Passed - Title is Matching
Test Passed - Title is Matching
]]></system-out>
    <system-err><![CDATA[SLF4J(W): No SLF4J providers were found.
SLF4J(W): Defaulting to no-operation (NOP) logger implementation
SLF4J(W): See https://www.slf4j.org/codes.html#noProviders for further details.
2026-06-24T13:46:52.716960500Z main WARN No Root logger was configured, creating default ERROR-level Root logger with Console appender
Jun 24, 2026 7:16:54 PM org.openqa.selenium.devtools.CdpVersionFinder findNearestMatch
WARNING: Unable to find an exact match for CDP version 149, returning the closest version; found: 148; Please update to a Selenium version that supports CDP version 149
Jun 24, 2026 7:16:54 PM org.openqa.selenium.devtools.CdpVersionFinder findNearestMatch
WARNING: Unable to find an exact match for CDP version 149, returning the closest version; found: 148; Please update to a Selenium version that supports CDP version 149
Jun 24, 2026 7:16:54 PM org.openqa.selenium.devtools.CdpVersionFinder findNearestMatch
WARNING: Unable to find an exact match for CDP version 149, returning the closest version; found: 148; Please update to a Selenium version that supports CDP version 149
Jun 24, 2026 7:16:54 PM org.openqa.selenium.devtools.CdpVersionFinder findNearestMatch
WARNING: Unable to find an exact match for CDP version 149, returning the closest version; found: 148; Please update to a Selenium version that supports CDP version 149
]]></system-err>
  </testcase>
  <testcase name="dummyTest" classname="com.orangehrm.test.DummyClass" time="0.007">
    <system-out><![CDATA[2026-06-24 19:16:57 [TestNG-test-OrangeHRMTest-4] INFO  BaseClass - WebDriver Initialized and Browser Maximized
2026-06-24 19:16:57 [TestNG-test-OrangeHRMTest-4] TRACE BaseClass - This is a Trace message
2026-06-24 19:16:57 [TestNG-test-OrangeHRMTest-4] ERROR BaseClass - This is a error message
2026-06-24 19:16:57 [TestNG-test-OrangeHRMTest-4] DEBUG BaseClass - This is a debug message
2026-06-24 19:16:57 [TestNG-test-OrangeHRMTest-4] FATAL BaseClass - This is a fatal message
2026-06-24 19:16:57 [TestNG-test-OrangeHRMTest-4] WARN  BaseClass - This is a warm message
2026-06-24 19:16:57 [TestNG-test-OrangeHRMTest-4] INFO  ActionDriver - WebDriver instance is created.
2026-06-24 19:16:57 [TestNG-test-OrangeHRMTest-4] INFO  BaseClass - ActionDriver initlialized for thread: 37
2026-06-24 19:16:57 [TestNG-test-OrangeHRMTest-3] INFO  BaseClass - WebDriver Initialized and Browser Maximized
2026-06-24 19:16:57 [TestNG-test-OrangeHRMTest-3] TRACE BaseClass - This is a Trace message
2026-06-24 19:16:57 [TestNG-test-OrangeHRMTest-3] ERROR BaseClass - This is a error message
2026-06-24 19:16:57 [TestNG-test-OrangeHRMTest-3] DEBUG BaseClass - This is a debug message
2026-06-24 19:16:57 [TestNG-test-OrangeHRMTest-3] FATAL BaseClass - This is a fatal message
2026-06-24 19:16:57 [TestNG-test-OrangeHRMTest-3] WARN  BaseClass - This is a warm message
2026-06-24 19:16:57 [TestNG-test-OrangeHRMTest-3] INFO  ActionDriver - WebDriver instance is created.
2026-06-24 19:16:57 [TestNG-test-OrangeHRMTest-3] INFO  BaseClass - ActionDriver initlialized for thread: 36
]]></system-out>
  </testcase>
  <testcase name="inValidLoginTest[admin1, admin123](1)" classname="com.orangehrm.test.LoginPageTest" time="2.198">
    <system-out><![CDATA[Running testMethod2 on thread: 36
2026-06-24 19:16:57 [TestNG-test-OrangeHRMTest-1] INFO  BaseClass - WebDriver instance is closed.
2026-06-24 19:16:57 [TestNG-test-OrangeHRMTest-2] INFO  BaseClass - WebDriver instance is closed.
2026-06-24 19:16:57 [TestNG-test-OrangeHRMTest-3] INFO  ActionDriver - Applied the border with color green to element: Element with name: username
2026-06-24 19:16:57 [TestNG-test-OrangeHRMTest-4] INFO  ActionDriver - Applied the border with color green to element: Element with name: username
2026-06-24 19:16:57 [TestNG-test-OrangeHRMTest-3] INFO  ActionDriver - Entered text on Element with name: username-->admin1
2026-06-24 19:16:57 [TestNG-test-OrangeHRMTest-4] INFO  ActionDriver - Entered text on Element with name: username-->ravi_kanth
2026-06-24 19:16:57 [TestNG-test-OrangeHRMTest-3] INFO  ActionDriver - Applied the border with color green to element: Element with name: password
2026-06-24 19:16:57 [TestNG-test-OrangeHRMTest-4] INFO  ActionDriver - Applied the border with color green to element: Element with name: password
2026-06-24 19:16:58 [TestNG-test-OrangeHRMTest-4] INFO  ActionDriver - Entered text on Element with name: password-->Ravi@@123
2026-06-24 19:16:58 [TestNG-test-OrangeHRMTest-3] INFO  ActionDriver - Entered text on Element with name: password-->admin123
2026-06-24 19:16:58 [TestNG-test-OrangeHRMTest-4] INFO  ActionDriver - Applied the border with color green to element: Element with text: Login
2026-06-24 19:16:58 [TestNG-test-OrangeHRMTest-3] INFO  ActionDriver - Applied the border with color green to element: Element with text: Login
2026-06-24 19:16:58 [TestNG-test-OrangeHRMTest-4] INFO  ActionDriver - clicked an element-->Element with text: Login
2026-06-24 19:16:58 [TestNG-test-OrangeHRMTest-3] INFO  ActionDriver - clicked an element-->Element with text: Login
2026-06-24 19:16:59 [TestNG-test-OrangeHRMTest-3] INFO  ActionDriver - Applied the border with color green to element: Element with text: Invalid credentials
2026-06-24 19:16:59 [TestNG-test-OrangeHRMTest-3] INFO  ActionDriver - Texts are Matching:Invalid credentials equals Invalid credentials
]]></system-out>
  </testcase>
  <testcase name="verifyValidLoginTest[ravi_kanth, Ravi@@123](1)" classname="com.orangehrm.test.LoginPageTest" time="0.0">
    <skipped message="Admin tab should be visible after successfull login  expected [true] but found [false]"/>
    <system-out><![CDATA[2026-06-24 19:17:28 [TestNG-test-OrangeHRMTest-4] INFO  BaseClass - WebDriver instance is closed.
Setting up WebDriver for:HomePageTest
2026-06-24 19:17:29 [TestNG-test-OrangeHRMTest-4] INFO  BaseClass - ChromeDriver Instance is created.
2026-06-24 19:17:32 [TestNG-test-OrangeHRMTest-4] INFO  BaseClass - WebDriver Initialized and Browser Maximized
2026-06-24 19:17:32 [TestNG-test-OrangeHRMTest-4] TRACE BaseClass - This is a Trace message
2026-06-24 19:17:32 [TestNG-test-OrangeHRMTest-4] ERROR BaseClass - This is a error message
2026-06-24 19:17:32 [TestNG-test-OrangeHRMTest-4] DEBUG BaseClass - This is a debug message
2026-06-24 19:17:32 [TestNG-test-OrangeHRMTest-4] FATAL BaseClass - This is a fatal message
2026-06-24 19:17:32 [TestNG-test-OrangeHRMTest-4] WARN  BaseClass - This is a warm message
2026-06-24 19:17:32 [TestNG-test-OrangeHRMTest-4] INFO  ActionDriver - WebDriver instance is created.
2026-06-24 19:17:32 [TestNG-test-OrangeHRMTest-4] INFO  BaseClass - ActionDriver initlialized for thread: 37
2026-06-24 19:17:32 [TestNG-test-OrangeHRMTest-4] INFO  ActionDriver - Applied the border with color green to element: Element with name: username
2026-06-24 19:17:32 [TestNG-test-OrangeHRMTest-4] INFO  ActionDriver - Entered text on Element with name: username-->ravi_kanth
2026-06-24 19:17:32 [TestNG-test-OrangeHRMTest-4] INFO  ActionDriver - Applied the border with color green to element: Element with name: password
2026-06-24 19:17:32 [TestNG-test-OrangeHRMTest-4] INFO  ActionDriver - Entered text on Element with name: password-->Ravi@@123
2026-06-24 19:17:32 [TestNG-test-OrangeHRMTest-4] INFO  ActionDriver - Applied the border with color green to element: Element with text: Login
2026-06-24 19:17:32 [TestNG-test-OrangeHRMTest-4] INFO  ActionDriver - clicked an element-->Element with text: Login
2026-06-24 19:17:34 [TestNG-test-OrangeHRMTest-3] ERROR ActionDriver - Element is not visible:Expected condition failed: waiting for visibility of element found by By.xpath: //span[text()='Admin']
(tried for 30 seconds with 500 milliseconds interval)
Build info: version: '4.44.0', revision: 'da2039b'
System info: os.name: 'Windows 11', os.arch: 'amd64', os.version: '10.0', java.version: '17.0.10'
Driver info: org.openqa.selenium.chrome.ChromeDriver
Capabilities {acceptInsecureCerts: false, browserName: chrome, browserVersion: 149.0.7827.114, chrome: {chromedriverVersion: 149.0.7827.155 (07b52360cc1..., userDataDir: C:\Users\satya\AppData\Loca...}, fedcm:accounts: true, goog:chromeOptions: {debuggerAddress: localhost:60107}, goog:processID: 36856, networkConnectionEnabled: false, pageLoadStrategy: normal, platformName: windows, proxy: Proxy(), se:cdp: ws://localhost:60107/devtoo..., se:cdpVersion: 149.0.7827.114, setWindowRect: true, strictFileInteractability: false, timeouts: {implicit: 0, pageLoad: 300000, script: 30000}, unhandledPromptBehavior: dismiss and notify, webauthn:extension:credBlob: true, webauthn:extension:largeBlob: true, webauthn:extension:minPinLength: true, webauthn:extension:prf: true, webauthn:virtualAuthenticators: true}
Session ID: 0747b214cff76e0ca799dfcf0716c564
2026-06-24 19:17:34 [TestNG-test-OrangeHRMTest-3] INFO  ActionDriver - Applied the border with color green to element: Element located using: By.xpath: //span[text()='Admin']
2026-06-24 19:17:34 [TestNG-test-OrangeHRMTest-3] INFO  ActionDriver - Element is displayed Element located using: By.xpath: //span[text()='Admin']
]]></system-out>
    <system-err><![CDATA[Jun 24, 2026 7:17:29 PM org.openqa.selenium.devtools.CdpVersionFinder findNearestMatch
WARNING: Unable to find an exact match for CDP version 149, returning the closest version; found: 148; Please update to a Selenium version that supports CDP version 149
]]></system-err>
  </testcase>
  <testcase name="verifyValidLoginTest[ravi_kanth, Ravi@@123](2)" classname="com.orangehrm.test.LoginPageTest" time="0.0">
    <skipped message="Admin tab should be visible after successfull login  expected [true] but found [false]"/>
    <system-out><![CDATA[2026-06-24 19:18:03 [TestNG-test-OrangeHRMTest-4] INFO  BaseClass - WebDriver instance is closed.
Setting up WebDriver for:HomePageTest
2026-06-24 19:18:03 [TestNG-test-OrangeHRMTest-4] INFO  BaseClass - ChromeDriver Instance is created.
2026-06-24 19:18:06 [TestNG-test-OrangeHRMTest-4] INFO  BaseClass - WebDriver Initialized and Browser Maximized
2026-06-24 19:18:06 [TestNG-test-OrangeHRMTest-4] TRACE BaseClass - This is a Trace message
2026-06-24 19:18:06 [TestNG-test-OrangeHRMTest-4] ERROR BaseClass - This is a error message
2026-06-24 19:18:06 [TestNG-test-OrangeHRMTest-4] DEBUG BaseClass - This is a debug message
2026-06-24 19:18:06 [TestNG-test-OrangeHRMTest-4] FATAL BaseClass - This is a fatal message
2026-06-24 19:18:06 [TestNG-test-OrangeHRMTest-4] WARN  BaseClass - This is a warm message
2026-06-24 19:18:06 [TestNG-test-OrangeHRMTest-4] INFO  ActionDriver - WebDriver instance is created.
2026-06-24 19:18:06 [TestNG-test-OrangeHRMTest-4] INFO  BaseClass - ActionDriver initlialized for thread: 37
2026-06-24 19:18:06 [TestNG-test-OrangeHRMTest-4] INFO  ActionDriver - Applied the border with color green to element: Element with name: username
2026-06-24 19:18:06 [TestNG-test-OrangeHRMTest-4] INFO  ActionDriver - Entered text on Element with name: username-->ravi_kanth
2026-06-24 19:18:06 [TestNG-test-OrangeHRMTest-4] INFO  ActionDriver - Applied the border with color green to element: Element with name: password
2026-06-24 19:18:06 [TestNG-test-OrangeHRMTest-4] INFO  ActionDriver - Entered text on Element with name: password-->Ravi@@123
2026-06-24 19:18:06 [TestNG-test-OrangeHRMTest-4] INFO  ActionDriver - Applied the border with color green to element: Element with text: Login
2026-06-24 19:18:06 [TestNG-test-OrangeHRMTest-4] INFO  ActionDriver - clicked an element-->Element with text: Login
2026-06-24 19:18:08 [TestNG-test-OrangeHRMTest-3] ERROR ActionDriver - Element is not visible:Expected condition failed: waiting for visibility of element found by By.xpath: //span[text()='Admin']
(tried for 30 seconds with 500 milliseconds interval)
Build info: version: '4.44.0', revision: 'da2039b'
System info: os.name: 'Windows 11', os.arch: 'amd64', os.version: '10.0', java.version: '17.0.10'
Driver info: org.openqa.selenium.chrome.ChromeDriver
Capabilities {acceptInsecureCerts: false, browserName: chrome, browserVersion: 149.0.7827.114, chrome: {chromedriverVersion: 149.0.7827.155 (07b52360cc1..., userDataDir: C:\Users\satya\AppData\Loca...}, fedcm:accounts: true, goog:chromeOptions: {debuggerAddress: localhost:52082}, goog:processID: 34508, networkConnectionEnabled: false, pageLoadStrategy: normal, platformName: windows, proxy: Proxy(), se:cdp: ws://localhost:52082/devtoo..., se:cdpVersion: 149.0.7827.114, setWindowRect: true, strictFileInteractability: false, timeouts: {implicit: 0, pageLoad: 300000, script: 30000}, unhandledPromptBehavior: dismiss and notify, webauthn:extension:credBlob: true, webauthn:extension:largeBlob: true, webauthn:extension:minPinLength: true, webauthn:extension:prf: true, webauthn:virtualAuthenticators: true}
Session ID: a31867e87267b962a4223313d108ea8a
2026-06-24 19:18:08 [TestNG-test-OrangeHRMTest-3] INFO  ActionDriver - Applied the border with color green to element: Element located using: By.xpath: //span[text()='Admin']
2026-06-24 19:18:08 [TestNG-test-OrangeHRMTest-3] INFO  ActionDriver - Element is displayed Element located using: By.xpath: //span[text()='Admin']
]]></system-out>
    <system-err><![CDATA[Jun 24, 2026 7:18:03 PM org.openqa.selenium.devtools.CdpVersionFinder findNearestMatch
WARNING: Unable to find an exact match for CDP version 149, returning the closest version; found: 148; Please update to a Selenium version that supports CDP version 149
]]></system-err>
  </testcase>
  <testcase name="verifyValidLoginTest[ravi_kanth, Ravi@@123](3)" classname="com.orangehrm.test.LoginPageTest" time="30.711">
    <failure message="Admin tab should be visible after successfull login  expected [true] but found [false]" type="java.lang.AssertionError"><![CDATA[java.lang.AssertionError: Admin tab should be visible after successfull login  expected [true] but found [false]
	at org.testng.Assert.fail(Assert.java:111)
	at org.testng.Assert.failNotEquals(Assert.java:1590)
	at org.testng.Assert.assertTrue(Assert.java:57)
	at com.orangehrm.test.LoginPageTest.verifyValidLoginTest(LoginPageTest.java:32)
	at java.base/jdk.internal.reflect.NativeMethodAccessorImpl.invoke0(Native Method)
	at java.base/jdk.internal.reflect.NativeMethodAccessorImpl.invoke(NativeMethodAccessorImpl.java:77)
	at java.base/jdk.internal.reflect.DelegatingMethodAccessorImpl.invoke(DelegatingMethodAccessorImpl.java:43)
	at java.base/java.lang.reflect.Method.invoke(Method.java:568)
	at org.testng.internal.invokers.MethodInvocationHelper.invokeMethod(MethodInvocationHelper.java:141)
	at org.testng.internal.invokers.TestInvoker.invokeMethod(TestInvoker.java:697)
	at org.testng.internal.invokers.TestInvoker.retryFailed(TestInvoker.java:280)
	at org.testng.internal.invokers.MethodRunner.runInSequence(MethodRunner.java:76)
	at org.testng.internal.invokers.TestInvoker$MethodInvocationAgent.invoke(TestInvoker.java:1005)
	at org.testng.internal.invokers.TestInvoker.invokeTestMethods(TestInvoker.java:203)
	at org.testng.internal.invokers.TestMethodWorker.invokeTestMethods(TestMethodWorker.java:154)
	at org.testng.internal.invokers.TestMethodWorker.run(TestMethodWorker.java:134)
	at java.base/java.util.concurrent.Executors$RunnableAdapter.call(Executors.java:539)
	at java.base/java.util.concurrent.FutureTask.run(FutureTask.java:264)
	at org.testng.internal.thread.graph.TestNGFutureTask.run(TestNGFutureTask.java:22)
	at java.base/java.util.concurrent.ThreadPoolExecutor.runWorker(ThreadPoolExecutor.java:1136)
	at java.base/java.util.concurrent.ThreadPoolExecutor$Worker.run(ThreadPoolExecutor.java:635)
	at java.base/java.lang.Thread.run(Thread.java:840)
]]></failure>
    <system-out><![CDATA[2026-06-24 19:18:37 [TestNG-test-OrangeHRMTest-4] INFO  BaseClass - WebDriver instance is closed.
2026-06-24 19:18:42 [TestNG-test-OrangeHRMTest-3] ERROR ActionDriver - Element is not visible:Expected condition failed: waiting for visibility of element found by By.xpath: //span[text()='Admin']
(tried for 30 seconds with 500 milliseconds interval)
Build info: version: '4.44.0', revision: 'da2039b'
System info: os.name: 'Windows 11', os.arch: 'amd64', os.version: '10.0', java.version: '17.0.10'
Driver info: org.openqa.selenium.chrome.ChromeDriver
Capabilities {acceptInsecureCerts: false, browserName: chrome, browserVersion: 149.0.7827.114, chrome: {chromedriverVersion: 149.0.7827.155 (07b52360cc1..., userDataDir: C:\Users\satya\AppData\Loca...}, fedcm:accounts: true, goog:chromeOptions: {debuggerAddress: localhost:54114}, goog:processID: 33492, networkConnectionEnabled: false, pageLoadStrategy: normal, platformName: windows, proxy: Proxy(), se:cdp: ws://localhost:54114/devtoo..., se:cdpVersion: 149.0.7827.114, setWindowRect: true, strictFileInteractability: false, timeouts: {implicit: 0, pageLoad: 300000, script: 30000}, unhandledPromptBehavior: dismiss and notify, webauthn:extension:credBlob: true, webauthn:extension:largeBlob: true, webauthn:extension:minPinLength: true, webauthn:extension:prf: true, webauthn:virtualAuthenticators: true}
Session ID: dea33cd7cc9d6e12f27658d3f4acdf69
2026-06-24 19:18:42 [TestNG-test-OrangeHRMTest-3] INFO  ActionDriver - Applied the border with color green to element: Element located using: By.xpath: //span[text()='Admin']
2026-06-24 19:18:42 [TestNG-test-OrangeHRMTest-3] INFO  ActionDriver - Element is displayed Element located using: By.xpath: //span[text()='Admin']
]]></system-out>
  </testcase>
  <testcase name="verifyOrangeHRMLogo[ravi_kanth, Ravi@@123](1)" classname="com.orangehrm.test.HomePageTest" time="0.0">
    <skipped message="Logo is not visible expected [true] but found [false]"/>
    <system-out><![CDATA[2026-06-24 19:16:59 [TestNG-test-OrangeHRMTest-3] INFO  BaseClass - WebDriver instance is closed.
Setting up WebDriver for:LoginPageTest
2026-06-24 19:17:00 [TestNG-test-OrangeHRMTest-3] INFO  BaseClass - ChromeDriver Instance is created.
2026-06-24 19:17:03 [TestNG-test-OrangeHRMTest-3] INFO  BaseClass - WebDriver Initialized and Browser Maximized
2026-06-24 19:17:03 [TestNG-test-OrangeHRMTest-3] TRACE BaseClass - This is a Trace message
2026-06-24 19:17:03 [TestNG-test-OrangeHRMTest-3] ERROR BaseClass - This is a error message
2026-06-24 19:17:03 [TestNG-test-OrangeHRMTest-3] DEBUG BaseClass - This is a debug message
2026-06-24 19:17:03 [TestNG-test-OrangeHRMTest-3] FATAL BaseClass - This is a fatal message
2026-06-24 19:17:03 [TestNG-test-OrangeHRMTest-3] WARN  BaseClass - This is a warm message
2026-06-24 19:17:03 [TestNG-test-OrangeHRMTest-3] INFO  ActionDriver - WebDriver instance is created.
2026-06-24 19:17:03 [TestNG-test-OrangeHRMTest-3] INFO  BaseClass - ActionDriver initlialized for thread: 36
Running testMethod1 on thread: 36
2026-06-24 19:17:03 [TestNG-test-OrangeHRMTest-3] INFO  ActionDriver - Applied the border with color green to element: Element with name: username
2026-06-24 19:17:03 [TestNG-test-OrangeHRMTest-3] INFO  ActionDriver - Entered text on Element with name: username-->ravi_kanth
2026-06-24 19:17:03 [TestNG-test-OrangeHRMTest-3] INFO  ActionDriver - Applied the border with color green to element: Element with name: password
2026-06-24 19:17:03 [TestNG-test-OrangeHRMTest-3] INFO  ActionDriver - Entered text on Element with name: password-->Ravi@@123
2026-06-24 19:17:03 [TestNG-test-OrangeHRMTest-3] INFO  ActionDriver - Applied the border with color green to element: Element with text: Login
2026-06-24 19:17:03 [TestNG-test-OrangeHRMTest-3] INFO  ActionDriver - clicked an element-->Element with text: Login
2026-06-24 19:17:28 [TestNG-test-OrangeHRMTest-4] ERROR ActionDriver - Element is not visible:Expected condition failed: waiting for visibility of element found by By.xpath: //div[@class='oxd-brand-banner']//img
(tried for 30 seconds with 500 milliseconds interval)
Build info: version: '4.44.0', revision: 'da2039b'
System info: os.name: 'Windows 11', os.arch: 'amd64', os.version: '10.0', java.version: '17.0.10'
Driver info: org.openqa.selenium.chrome.ChromeDriver
Capabilities {acceptInsecureCerts: false, browserName: chrome, browserVersion: 149.0.7827.114, chrome: {chromedriverVersion: 149.0.7827.155 (07b52360cc1..., userDataDir: C:\Users\satya\AppData\Loca...}, fedcm:accounts: true, goog:chromeOptions: {debuggerAddress: localhost:58871}, goog:processID: 34320, networkConnectionEnabled: false, pageLoadStrategy: normal, platformName: windows, proxy: Proxy(), se:cdp: ws://localhost:58871/devtoo..., se:cdpVersion: 149.0.7827.114, setWindowRect: true, strictFileInteractability: false, timeouts: {implicit: 0, pageLoad: 300000, script: 30000}, unhandledPromptBehavior: dismiss and notify, webauthn:extension:credBlob: true, webauthn:extension:largeBlob: true, webauthn:extension:minPinLength: true, webauthn:extension:prf: true, webauthn:virtualAuthenticators: true}
Session ID: 9ae94b66b3cc9effc7ede65e5f1570db
2026-06-24 19:17:28 [TestNG-test-OrangeHRMTest-4] INFO  ActionDriver - Applied the border with color green to element: Element located using: By.xpath: //div[@class='oxd-brand-banner']//img
2026-06-24 19:17:28 [TestNG-test-OrangeHRMTest-4] INFO  ActionDriver - Element is displayed Element located using: By.xpath: //div[@class='oxd-brand-banner']//img
]]></system-out>
    <system-err><![CDATA[Jun 24, 2026 7:17:00 PM org.openqa.selenium.devtools.CdpVersionFinder findNearestMatch
WARNING: Unable to find an exact match for CDP version 149, returning the closest version; found: 148; Please update to a Selenium version that supports CDP version 149
]]></system-err>
  </testcase>
  <testcase name="verifyOrangeHRMLogo[ravi_kanth, Ravi@@123](2)" classname="com.orangehrm.test.HomePageTest" time="0.0">
    <skipped message="Logo is not visible expected [true] but found [false]"/>
    <system-out><![CDATA[2026-06-24 19:17:34 [TestNG-test-OrangeHRMTest-3] INFO  BaseClass - WebDriver instance is closed.
Setting up WebDriver for:LoginPageTest
2026-06-24 19:17:35 [TestNG-test-OrangeHRMTest-3] INFO  BaseClass - ChromeDriver Instance is created.
2026-06-24 19:17:37 [TestNG-test-OrangeHRMTest-3] INFO  BaseClass - WebDriver Initialized and Browser Maximized
2026-06-24 19:17:37 [TestNG-test-OrangeHRMTest-3] TRACE BaseClass - This is a Trace message
2026-06-24 19:17:37 [TestNG-test-OrangeHRMTest-3] ERROR BaseClass - This is a error message
2026-06-24 19:17:37 [TestNG-test-OrangeHRMTest-3] DEBUG BaseClass - This is a debug message
2026-06-24 19:17:37 [TestNG-test-OrangeHRMTest-3] FATAL BaseClass - This is a fatal message
2026-06-24 19:17:37 [TestNG-test-OrangeHRMTest-3] WARN  BaseClass - This is a warm message
2026-06-24 19:17:37 [TestNG-test-OrangeHRMTest-3] INFO  ActionDriver - WebDriver instance is created.
2026-06-24 19:17:37 [TestNG-test-OrangeHRMTest-3] INFO  BaseClass - ActionDriver initlialized for thread: 36
Running testMethod1 on thread: 36
2026-06-24 19:17:37 [TestNG-test-OrangeHRMTest-3] INFO  ActionDriver - Applied the border with color green to element: Element with name: username
2026-06-24 19:17:38 [TestNG-test-OrangeHRMTest-3] INFO  ActionDriver - Entered text on Element with name: username-->ravi_kanth
2026-06-24 19:17:38 [TestNG-test-OrangeHRMTest-3] INFO  ActionDriver - Applied the border with color green to element: Element with name: password
2026-06-24 19:17:38 [TestNG-test-OrangeHRMTest-3] INFO  ActionDriver - Entered text on Element with name: password-->Ravi@@123
2026-06-24 19:17:38 [TestNG-test-OrangeHRMTest-3] INFO  ActionDriver - Applied the border with color green to element: Element with text: Login
2026-06-24 19:17:38 [TestNG-test-OrangeHRMTest-3] INFO  ActionDriver - clicked an element-->Element with text: Login
2026-06-24 19:18:02 [TestNG-test-OrangeHRMTest-4] ERROR ActionDriver - Element is not visible:Expected condition failed: waiting for visibility of element found by By.xpath: //div[@class='oxd-brand-banner']//img
(tried for 30 seconds with 500 milliseconds interval)
Build info: version: '4.44.0', revision: 'da2039b'
System info: os.name: 'Windows 11', os.arch: 'amd64', os.version: '10.0', java.version: '17.0.10'
Driver info: org.openqa.selenium.chrome.ChromeDriver
Capabilities {acceptInsecureCerts: false, browserName: chrome, browserVersion: 149.0.7827.114, chrome: {chromedriverVersion: 149.0.7827.155 (07b52360cc1..., userDataDir: C:\Users\satya\AppData\Loca...}, fedcm:accounts: true, goog:chromeOptions: {debuggerAddress: localhost:51963}, goog:processID: 31936, networkConnectionEnabled: false, pageLoadStrategy: normal, platformName: windows, proxy: Proxy(), se:cdp: ws://localhost:51963/devtoo..., se:cdpVersion: 149.0.7827.114, setWindowRect: true, strictFileInteractability: false, timeouts: {implicit: 0, pageLoad: 300000, script: 30000}, unhandledPromptBehavior: dismiss and notify, webauthn:extension:credBlob: true, webauthn:extension:largeBlob: true, webauthn:extension:minPinLength: true, webauthn:extension:prf: true, webauthn:virtualAuthenticators: true}
Session ID: 04d6313a86195eb6122c1716e48df556
2026-06-24 19:18:02 [TestNG-test-OrangeHRMTest-4] INFO  ActionDriver - Applied the border with color green to element: Element located using: By.xpath: //div[@class='oxd-brand-banner']//img
2026-06-24 19:18:02 [TestNG-test-OrangeHRMTest-4] INFO  ActionDriver - Element is displayed Element located using: By.xpath: //div[@class='oxd-brand-banner']//img
]]></system-out>
    <system-err><![CDATA[Jun 24, 2026 7:17:35 PM org.openqa.selenium.devtools.CdpVersionFinder findNearestMatch
WARNING: Unable to find an exact match for CDP version 149, returning the closest version; found: 148; Please update to a Selenium version that supports CDP version 149
]]></system-err>
  </testcase>
  <testcase name="verifyOrangeHRMLogo[ravi_kanth, Ravi@@123](3)" classname="com.orangehrm.test.HomePageTest" time="24.778">
    <failure message="Logo is not visible expected [true] but found [false]" type="java.lang.AssertionError"><![CDATA[java.lang.AssertionError: Logo is not visible expected [true] but found [false]
	at org.testng.Assert.fail(Assert.java:111)
	at org.testng.Assert.failNotEquals(Assert.java:1590)
	at org.testng.Assert.assertTrue(Assert.java:57)
	at com.orangehrm.test.HomePageTest.verifyOrangeHRMLogo(HomePageTest.java:30)
	at java.base/jdk.internal.reflect.NativeMethodAccessorImpl.invoke0(Native Method)
	at java.base/jdk.internal.reflect.NativeMethodAccessorImpl.invoke(NativeMethodAccessorImpl.java:77)
	at java.base/jdk.internal.reflect.DelegatingMethodAccessorImpl.invoke(DelegatingMethodAccessorImpl.java:43)
	at java.base/java.lang.reflect.Method.invoke(Method.java:568)
	at org.testng.internal.invokers.MethodInvocationHelper.invokeMethod(MethodInvocationHelper.java:141)
	at org.testng.internal.invokers.TestInvoker.invokeMethod(TestInvoker.java:697)
	at org.testng.internal.invokers.TestInvoker.retryFailed(TestInvoker.java:280)
	at org.testng.internal.invokers.MethodRunner.runInSequence(MethodRunner.java:76)
	at org.testng.internal.invokers.TestInvoker$MethodInvocationAgent.invoke(TestInvoker.java:1005)
	at org.testng.internal.invokers.TestInvoker.invokeTestMethods(TestInvoker.java:203)
	at org.testng.internal.invokers.TestMethodWorker.invokeTestMethods(TestMethodWorker.java:154)
	at org.testng.internal.invokers.TestMethodWorker.run(TestMethodWorker.java:134)
	at java.base/java.util.concurrent.Executors$RunnableAdapter.call(Executors.java:539)
	at java.base/java.util.concurrent.FutureTask.run(FutureTask.java:264)
	at org.testng.internal.thread.graph.TestNGFutureTask.run(TestNGFutureTask.java:22)
	at java.base/java.util.concurrent.ThreadPoolExecutor.runWorker(ThreadPoolExecutor.java:1136)
	at java.base/java.util.concurrent.ThreadPoolExecutor$Worker.run(ThreadPoolExecutor.java:635)
	at java.base/java.lang.Thread.run(Thread.java:840)
]]></failure>
    <system-out><![CDATA[2026-06-24 19:18:09 [TestNG-test-OrangeHRMTest-3] INFO  BaseClass - WebDriver instance is closed.
Setting up WebDriver for:LoginPageTest
2026-06-24 19:18:09 [TestNG-test-OrangeHRMTest-3] INFO  BaseClass - ChromeDriver Instance is created.
2026-06-24 19:18:12 [TestNG-test-OrangeHRMTest-3] INFO  BaseClass - WebDriver Initialized and Browser Maximized
2026-06-24 19:18:12 [TestNG-test-OrangeHRMTest-3] TRACE BaseClass - This is a Trace message
2026-06-24 19:18:12 [TestNG-test-OrangeHRMTest-3] ERROR BaseClass - This is a error message
2026-06-24 19:18:12 [TestNG-test-OrangeHRMTest-3] DEBUG BaseClass - This is a debug message
2026-06-24 19:18:12 [TestNG-test-OrangeHRMTest-3] FATAL BaseClass - This is a fatal message
2026-06-24 19:18:12 [TestNG-test-OrangeHRMTest-3] WARN  BaseClass - This is a warm message
2026-06-24 19:18:12 [TestNG-test-OrangeHRMTest-3] INFO  ActionDriver - WebDriver instance is created.
2026-06-24 19:18:12 [TestNG-test-OrangeHRMTest-3] INFO  BaseClass - ActionDriver initlialized for thread: 36
Running testMethod1 on thread: 36
2026-06-24 19:18:12 [TestNG-test-OrangeHRMTest-3] INFO  ActionDriver - Applied the border with color green to element: Element with name: username
2026-06-24 19:18:12 [TestNG-test-OrangeHRMTest-3] INFO  ActionDriver - Entered text on Element with name: username-->ravi_kanth
2026-06-24 19:18:12 [TestNG-test-OrangeHRMTest-3] INFO  ActionDriver - Applied the border with color green to element: Element with name: password
2026-06-24 19:18:12 [TestNG-test-OrangeHRMTest-3] INFO  ActionDriver - Entered text on Element with name: password-->Ravi@@123
2026-06-24 19:18:12 [TestNG-test-OrangeHRMTest-3] INFO  ActionDriver - Applied the border with color green to element: Element with text: Login
2026-06-24 19:18:12 [TestNG-test-OrangeHRMTest-3] INFO  ActionDriver - clicked an element-->Element with text: Login
2026-06-24 19:18:36 [TestNG-test-OrangeHRMTest-4] ERROR ActionDriver - Element is not visible:Expected condition failed: waiting for visibility of element found by By.xpath: //div[@class='oxd-brand-banner']//img
(tried for 30 seconds with 500 milliseconds interval)
Build info: version: '4.44.0', revision: 'da2039b'
System info: os.name: 'Windows 11', os.arch: 'amd64', os.version: '10.0', java.version: '17.0.10'
Driver info: org.openqa.selenium.chrome.ChromeDriver
Capabilities {acceptInsecureCerts: false, browserName: chrome, browserVersion: 149.0.7827.114, chrome: {chromedriverVersion: 149.0.7827.155 (07b52360cc1..., userDataDir: C:\Users\satya\AppData\Loca...}, fedcm:accounts: true, goog:chromeOptions: {debuggerAddress: localhost:53552}, goog:processID: 35036, networkConnectionEnabled: false, pageLoadStrategy: normal, platformName: windows, proxy: Proxy(), se:cdp: ws://localhost:53552/devtoo..., se:cdpVersion: 149.0.7827.114, setWindowRect: true, strictFileInteractability: false, timeouts: {implicit: 0, pageLoad: 300000, script: 30000}, unhandledPromptBehavior: dismiss and notify, webauthn:extension:credBlob: true, webauthn:extension:largeBlob: true, webauthn:extension:minPinLength: true, webauthn:extension:prf: true, webauthn:virtualAuthenticators: true}
Session ID: 320eb1610e2f672dc7f0fcfca96bb7f4
2026-06-24 19:18:36 [TestNG-test-OrangeHRMTest-4] INFO  ActionDriver - Applied the border with color green to element: Element located using: By.xpath: //div[@class='oxd-brand-banner']//img
2026-06-24 19:18:36 [TestNG-test-OrangeHRMTest-4] INFO  ActionDriver - Element is displayed Element located using: By.xpath: //div[@class='oxd-brand-banner']//img
]]></system-out>
    <system-err><![CDATA[Jun 24, 2026 7:18:09 PM org.openqa.selenium.devtools.CdpVersionFinder findNearestMatch
WARNING: Unable to find an exact match for CDP version 149, returning the closest version; found: 148; Please update to a Selenium version that supports CDP version 149
]]></system-err>
  </testcase>
</testsuite>