<?xml version="1.0" encoding="UTF-8"?>
<testsuite xmlns:xsi="http://www.w3.org/2001/XMLSchema-instance" xsi:noNamespaceSchemaLocation="https://maven.apache.org/surefire/maven-surefire-plugin/xsd/surefire-test-report.xsd" version="3.0.1" name="TestSuite" time="38.19" tests="7" errors="0" skipped="0" failures="0">
  <properties>
[...]
</properties>
  <testcase name="dummyTest" classname="com.orangehrm.test.DummyClass" time="0.106">
    <system-out><![CDATA[2026-06-26 08:03:02 [main] INFO  BaseClass - config.properties file loaded
Setting up WebDriver for:DummyClass
2026-06-26 08:03:03 [main] INFO  BaseClass - ChromeDriver Instance is created.
2026-06-26 08:03:06 [main] INFO  BaseClass - WebDriver Initialized and Browser Maximized
2026-06-26 08:03:06 [main] TRACE BaseClass - This is a Trace message
2026-06-26 08:03:06 [main] ERROR BaseClass - This is a error message
2026-06-26 08:03:06 [main] DEBUG BaseClass - This is a debug message
2026-06-26 08:03:06 [main] FATAL BaseClass - This is a fatal message
2026-06-26 08:03:06 [main] WARN  BaseClass - This is a warm message
2026-06-26 08:03:06 [main] INFO  ActionDriver - WebDriver instance is created.
2026-06-26 08:03:06 [main] INFO  BaseClass - ActionDriver initlialized for thread: 1
Test Passed - Title is Matching
]]></system-out>
    <system-err><![CDATA[SLF4J(W): No SLF4J providers were found.
SLF4J(W): Defaulting to no-operation (NOP) logger implementation
SLF4J(W): See https://www.slf4j.org/codes.html#noProviders for further details.
2026-06-26T02:33:02.226773Z main WARN No Root logger was configured, creating default ERROR-level Root logger with Console appender
]]></system-err>
  </testcase>
  <testcase name="dummyTest2" classname="com.orangehrm.test.DummyClass2" time="0.077">
    <system-out><![CDATA[2026-06-26 08:03:06 [main] INFO  BaseClass - WebDriver instance is closed.
Setting up WebDriver for:DummyClass2
2026-06-26 08:03:06 [main] INFO  BaseClass - ChromeDriver Instance is created.
2026-06-26 08:03:09 [main] INFO  BaseClass - WebDriver Initialized and Browser Maximized
2026-06-26 08:03:09 [main] TRACE BaseClass - This is a Trace message
2026-06-26 08:03:09 [main] ERROR BaseClass - This is a error message
2026-06-26 08:03:09 [main] DEBUG BaseClass - This is a debug message
2026-06-26 08:03:09 [main] FATAL BaseClass - This is a fatal message
2026-06-26 08:03:09 [main] WARN  BaseClass - This is a warm message
2026-06-26 08:03:09 [main] INFO  ActionDriver - WebDriver instance is created.
2026-06-26 08:03:09 [main] INFO  BaseClass - ActionDriver initlialized for thread: 1
Test Passed - Title is Matching
]]></system-out>
  </testcase>
  <testcase name="inValidLoginTest[admin1, admin123](1)" classname="com.orangehrm.test.LoginPageTest" time="1.386">
    <system-out><![CDATA[2026-06-26 08:03:09 [main] INFO  BaseClass - WebDriver instance is closed.
Setting up WebDriver for:LoginPageTest
2026-06-26 08:03:10 [main] INFO  BaseClass - ChromeDriver Instance is created.
2026-06-26 08:03:13 [main] INFO  BaseClass - WebDriver Initialized and Browser Maximized
2026-06-26 08:03:13 [main] TRACE BaseClass - This is a Trace message
2026-06-26 08:03:13 [main] ERROR BaseClass - This is a error message
2026-06-26 08:03:13 [main] DEBUG BaseClass - This is a debug message
2026-06-26 08:03:13 [main] FATAL BaseClass - This is a fatal message
2026-06-26 08:03:13 [main] WARN  BaseClass - This is a warm message
2026-06-26 08:03:13 [main] INFO  ActionDriver - WebDriver instance is created.
2026-06-26 08:03:13 [main] INFO  BaseClass - ActionDriver initlialized for thread: 1
Running inValidLoginTest on Thread : 1
2026-06-26 08:03:13 [main] INFO  ActionDriver - Applied the border with color green to element: Element with name: username
2026-06-26 08:03:13 [main] INFO  ActionDriver - Applied the border with color green to element: Element with name: password
2026-06-26 08:03:13 [main] INFO  ActionDriver - Applied the border with color green to element: Element with text: Login
2026-06-26 08:03:13 [main] INFO  ActionDriver - Clicked : Element with text: Login
2026-06-26 08:03:14 [main] INFO  ActionDriver - Page loaded successfully.
2026-06-26 08:03:14 [main] INFO  ActionDriver - Applied the border with color green to element: Element with text: Invalid credentials
2026-06-26 08:03:14 [main] INFO  ActionDriver - Texts are Matching:Invalid credentials equals Invalid credentials
]]></system-out>
  </testcase>
  <testcase name="verifyValidLoginTest[ravi_kanth, Ravi@@123](1)" classname="com.orangehrm.test.LoginPageTest" time="3.334">
    <system-out><![CDATA[2026-06-26 08:03:14 [main] INFO  BaseClass - WebDriver instance is closed.
Setting up WebDriver for:LoginPageTest
2026-06-26 08:03:15 [main] INFO  BaseClass - ChromeDriver Instance is created.
2026-06-26 08:03:17 [main] INFO  BaseClass - WebDriver Initialized and Browser Maximized
2026-06-26 08:03:17 [main] TRACE BaseClass - This is a Trace message
2026-06-26 08:03:17 [main] ERROR BaseClass - This is a error message
2026-06-26 08:03:17 [main] DEBUG BaseClass - This is a debug message
2026-06-26 08:03:17 [main] FATAL BaseClass - This is a fatal message
2026-06-26 08:03:17 [main] WARN  BaseClass - This is a warm message
2026-06-26 08:03:17 [main] INFO  ActionDriver - WebDriver instance is created.
2026-06-26 08:03:17 [main] INFO  BaseClass - ActionDriver initlialized for thread: 1
Running verifyValidLoginTest on Thread : 1
2026-06-26 08:03:18 [main] INFO  ActionDriver - Applied the border with color green to element: Element with name: username
2026-06-26 08:03:18 [main] INFO  ActionDriver - Applied the border with color green to element: Element with name: password
2026-06-26 08:03:18 [main] INFO  ActionDriver - Applied the border with color green to element: Element with text: Login
2026-06-26 08:03:18 [main] INFO  ActionDriver - Clicked : Element with text: Login
2026-06-26 08:03:19 [main] INFO  ActionDriver - Page loaded successfully.
2026-06-26 08:03:19 [main] INFO  ActionDriver - Applied the border with color green to element: Element with text: Admin
2026-06-26 08:03:19 [main] INFO  ActionDriver - Applied the border with color green to element: Element with text: ravi kanth
2026-06-26 08:03:19 [main] INFO  ActionDriver - Clicked : Element with text: ravi kanth
2026-06-26 08:03:19 [main] INFO  ActionDriver - Applied the border with color green to element: Element with text: Logout
2026-06-26 08:03:21 [main] INFO  ActionDriver - Clicked : Element with text: Logout
]]></system-out>
  </testcase>
  <testcase name="verifyOrangeHRMLogo[ravi_kanth, Ravi@@123](1)" classname="com.orangehrm.test.HomePageTest" time="3.328">
    <system-out><![CDATA[2026-06-26 08:03:21 [main] INFO  BaseClass - WebDriver instance is closed.
Setting up WebDriver for:HomePageTest
2026-06-26 08:03:22 [main] INFO  BaseClass - ChromeDriver Instance is created.
2026-06-26 08:03:24 [main] INFO  BaseClass - WebDriver Initialized and Browser Maximized
2026-06-26 08:03:24 [main] TRACE BaseClass - This is a Trace message
2026-06-26 08:03:24 [main] ERROR BaseClass - This is a error message
2026-06-26 08:03:24 [main] DEBUG BaseClass - This is a debug message
2026-06-26 08:03:24 [main] FATAL BaseClass - This is a fatal message
2026-06-26 08:03:24 [main] WARN  BaseClass - This is a warm message
2026-06-26 08:03:24 [main] INFO  ActionDriver - WebDriver instance is created.
2026-06-26 08:03:24 [main] INFO  BaseClass - ActionDriver initlialized for thread: 1
Running verifyOrangeHRMLogo on Thread : 1
2026-06-26 08:03:24 [main] INFO  ActionDriver - Applied the border with color green to element: Element with name: username
2026-06-26 08:03:24 [main] INFO  ActionDriver - Applied the border with color green to element: Element with name: password
2026-06-26 08:03:25 [main] INFO  ActionDriver - Applied the border with color green to element: Element with text: Login
2026-06-26 08:03:25 [main] INFO  ActionDriver - Clicked : Element with text: Login
2026-06-26 08:03:26 [main] INFO  ActionDriver - Page loaded successfully.
2026-06-26 08:03:26 [main] INFO  ActionDriver - Applied the border with color green to element: Element located using: By.xpath: //div[@class='oxd-brand-banner']//img
2026-06-26 08:03:26 [main] INFO  ActionDriver - Applied the border with color green to element: Element with text: ravi kanth
2026-06-26 08:03:26 [main] INFO  ActionDriver - Clicked : Element with text: ravi kanth
2026-06-26 08:03:26 [main] INFO  ActionDriver - Applied the border with color green to element: Element with text: Logout
2026-06-26 08:03:27 [main] INFO  ActionDriver - Clicked : Element with text: Logout
]]></system-out>
  </testcase>
  <testcase name="verifyGetUserAPI" classname="com.orangehrm.test.ApiTest" time="1.791">
    <system-out><![CDATA[2026-06-26 08:03:28 [main] INFO  BaseClass - WebDriver instance is closed.
]]></system-out>
  </testcase>
  <testcase name="verifyEmployeeNameVerificationFromDB[1, ravi](1)" classname="com.orangehrm.test.DBVerificationTest" time="6.196">
    <system-out><![CDATA[Setting up WebDriver for:DBVerificationTest
2026-06-26 08:03:30 [main] INFO  BaseClass - ChromeDriver Instance is created.
2026-06-26 08:03:33 [main] INFO  BaseClass - WebDriver Initialized and Browser Maximized
2026-06-26 08:03:33 [main] TRACE BaseClass - This is a Trace message
2026-06-26 08:03:33 [main] ERROR BaseClass - This is a error message
2026-06-26 08:03:33 [main] DEBUG BaseClass - This is a debug message
2026-06-26 08:03:33 [main] FATAL BaseClass - This is a fatal message
2026-06-26 08:03:33 [main] WARN  BaseClass - This is a warm message
2026-06-26 08:03:33 [main] INFO  ActionDriver - WebDriver instance is created.
2026-06-26 08:03:33 [main] INFO  BaseClass - ActionDriver initlialized for thread: 1
2026-06-26 08:03:33 [main] INFO  ActionDriver - Applied the border with color green to element: Element with name: username
2026-06-26 08:03:33 [main] INFO  ActionDriver - Applied the border with color green to element: Element with name: password
2026-06-26 08:03:33 [main] INFO  ActionDriver - Applied the border with color green to element: Element with text: Login
2026-06-26 08:03:33 [main] INFO  ActionDriver - Clicked : Element with text: Login
2026-06-26 08:03:33 [main] INFO  ActionDriver - Page loaded successfully.
2026-06-26 08:03:34 [main] INFO  ActionDriver - Applied the border with color green to element: Element with text: PIM
2026-06-26 08:03:36 [main] INFO  ActionDriver - Clicked : Element with text: PIM
2026-06-26 08:03:36 [main] INFO  ActionDriver - Applied the border with color green to element: Element with placeholder: Type for hints...
2026-06-26 08:03:37 [main] INFO  ActionDriver - Applied the border with color green to element: Element with text: Search
2026-06-26 08:03:37 [main] INFO  ActionDriver - Clicked : Element with text: Search
2026-06-26 08:03:37 [main] INFO  ActionDriver - Applied the border with color green to element: Element with text: ravi
2026-06-26 08:03:38 [main] INFO  DBConnection - Starting DB Connection...
2026-06-26 08:03:38 [main] INFO  DBConnection - DB Connection Successful
2026-06-26 08:03:38 [main] INFO  DBConnection - Executing query: SELECT emp_firstname, emp_middle_name, emp_lastname FROM hs_hr_employee WHERE employee_id =1
2026-06-26 08:03:38 [main] INFO  DBConnection - Query Executed Successfully
2026-06-26 08:03:38 [main] INFO  DBConnection - Employee Data Fetched: {firstName=ravi, lastName=kanth, middleName=}
2026-06-26 08:03:39 [main] INFO  ActionDriver - Applied the border with color green to element: Element with text: ravi
2026-06-26 08:03:39 [main] INFO  ActionDriver - Texts are Matching:ravi equals ravi
2026-06-26 08:03:39 [main] INFO  ActionDriver - Applied the border with color green to element: Element with text: kanth
2026-06-26 08:03:39 [main] INFO  ActionDriver - Texts are Matching:kanth equals kanth
]]></system-out>
    <system-err><![CDATA[Jun 26, 2026 8:03:38 AM io.opentelemetry.api.GlobalOpenTelemetry maybeAutoConfigureAndSetGlobal
INFO: AutoConfiguredOpenTelemetrySdk found on classpath but automatic configuration is disabled. To enable, run your JVM with -Dotel.java.global-autoconfigure.enabled=true
]]></system-err>
  </testcase>
</testsuite>