<?xml version="1.0" encoding="UTF-8"?>
<testng-results ignored="0" total="7" passed="7" failed="0" skipped="0">
  <reporter-output>
  </reporter-output>
  <suite started-at="2026-06-26T08:03:02 IST" name="OrangeHRMSuite" finished-at="2026-06-26T08:03:39 IST" duration-ms="37126">
    <groups>
    </groups>
    <test started-at="2026-06-26T08:03:02 IST" name="OrangeHRMTest" finished-at="2026-06-26T08:03:39 IST" duration-ms="37126">
      <class name="com.orangehrm.test.HomePageTest">
        <test-method is-config="true" signature="setup(java.lang.String)[pri:0, instance:com.orangehrm.test.HomePageTest@1522d8a0]" started-at="2026-06-26T08:03:21 IST" name="setup" finished-at="2026-06-26T08:03:24 IST" duration-ms="3211" status="PASS">
          <params>
            <param index="0">
              <value>
                <![CDATA[chrome]]>
              </value>
            </param>
          </params>
          <reporter-output>
          </reporter-output>
        </test-method> <!-- setup -->
        <test-method signature="verifyOrangeHRMLogo(java.lang.String,java.lang.String)[pri:0, instance:com.orangehrm.test.HomePageTest@1522d8a0]" started-at="2026-06-26T08:03:24 IST" name="verifyOrangeHRMLogo" data-provider="validLoginData" finished-at="2026-06-26T08:03:27 IST" duration-ms="3266" status="PASS">
          <params>
            <param index="0">
              <value>
                <![CDATA[ravi_kanth]]>
              </value>
            </param>
            <param index="1">
              <value>
                <![CDATA[Ravi@@123]]>
              </value>
            </param>
          </params>
          <reporter-output>
          </reporter-output>
        </test-method> <!-- verifyOrangeHRMLogo -->
        <test-method is-config="true" signature="setupPages()[pri:0, instance:com.orangehrm.test.HomePageTest@1522d8a0]" started-at="2026-06-26T08:03:24 IST" name="setupPages" finished-at="2026-06-26T08:03:24 IST" duration-ms="0" status="PASS">
          <reporter-output>
          </reporter-output>
        </test-method> <!-- setupPages -->
        <test-method is-config="true" signature="tearDown()[pri:0, instance:com.orangehrm.test.HomePageTest@1522d8a0]" started-at="2026-06-26T08:03:28 IST" name="tearDown" finished-at="2026-06-26T08:03:28 IST" duration-ms="142" status="PASS">
          <reporter-output>
          </reporter-output>
        </test-method> <!-- tearDown -->
      </class> <!-- com.orangehrm.test.HomePageTest -->
      <class name="com.orangehrm.test.DummyClass">
        <test-method is-config="true" signature="loadConfig()[pri:0, instance:com.orangehrm.test.DummyClass@53dacd14]" started-at="2026-06-26T08:03:02 IST" name="loadConfig" finished-at="2026-06-26T08:03:02 IST" duration-ms="17" status="PASS">
          <reporter-output>
          </reporter-output>
        </test-method> <!-- loadConfig -->
        <test-method is-config="true" signature="setup(java.lang.String)[pri:0, instance:com.orangehrm.test.DummyClass@53dacd14]" started-at="2026-06-26T08:03:02 IST" name="setup" finished-at="2026-06-26T08:03:06 IST" duration-ms="3546" status="PASS">
          <params>
            <param index="0">
              <value>
                <![CDATA[chrome]]>
              </value>
            </param>
          </params>
          <reporter-output>
          </reporter-output>
        </test-method> <!-- setup -->
        <test-method signature="dummyTest()[pri:0, instance:com.orangehrm.test.DummyClass@53dacd14]" started-at="2026-06-26T08:03:06 IST" name="dummyTest" finished-at="2026-06-26T08:03:06 IST" duration-ms="15" status="PASS">
          <reporter-output>
          </reporter-output>
        </test-method> <!-- dummyTest -->
        <test-method is-config="true" signature="tearDown()[pri:0, instance:com.orangehrm.test.DummyClass@53dacd14]" started-at="2026-06-26T08:03:06 IST" name="tearDown" finished-at="2026-06-26T08:03:06 IST" duration-ms="124" status="PASS">
          <reporter-output>
          </reporter-output>
        </test-method> <!-- tearDown -->
      </class> <!-- com.orangehrm.test.DummyClass -->
      <class name="com.orangehrm.test.DummyClass2">
        <test-method is-config="true" signature="setup(java.lang.String)[pri:0, instance:com.orangehrm.test.DummyClass2@4b7e96a]" started-at="2026-06-26T08:03:06 IST" name="setup" finished-at="2026-06-26T08:03:09 IST" duration-ms="3159" status="PASS">
          <params>
            <param index="0">
              <value>
                <![CDATA[chrome]]>
              </value>
            </param>
          </params>
          <reporter-output>
          </reporter-output>
        </test-method> <!-- setup -->
        <test-method signature="dummyTest2()[pri:0, instance:com.orangehrm.test.DummyClass2@4b7e96a]" started-at="2026-06-26T08:03:09 IST" name="dummyTest2" finished-at="2026-06-26T08:03:09 IST" duration-ms="7" status="PASS">
          <reporter-output>
          </reporter-output>
        </test-method> <!-- dummyTest2 -->
        <test-method is-config="true" signature="tearDown()[pri:0, instance:com.orangehrm.test.DummyClass2@4b7e96a]" started-at="2026-06-26T08:03:09 IST" name="tearDown" finished-at="2026-06-26T08:03:09 IST" duration-ms="142" status="PASS">
          <reporter-output>
          </reporter-output>
        </test-method> <!-- tearDown -->
      </class> <!-- com.orangehrm.test.DummyClass2 -->
      <class name="com.orangehrm.test.ApiTest">
        <test-method signature="verifyGetUserAPI()[pri:0, instance:com.orangehrm.test.ApiTest@312ab28e]" started-at="2026-06-26T08:03:28 IST" name="verifyGetUserAPI" finished-at="2026-06-26T08:03:29 IST" duration-ms="1790" status="PASS">
          <reporter-output>
          </reporter-output>
        </test-method> <!-- verifyGetUserAPI -->
      </class> <!-- com.orangehrm.test.ApiTest -->
      <class name="com.orangehrm.test.LoginPageTest">
        <test-method is-config="true" signature="setup(java.lang.String)[pri:0, instance:com.orangehrm.test.LoginPageTest@6475472c]" started-at="2026-06-26T08:03:10 IST" name="setup" finished-at="2026-06-26T08:03:13 IST" duration-ms="3118" status="PASS">
          <params>
            <param index="0">
              <value>
                <![CDATA[chrome]]>
              </value>
            </param>
          </params>
          <reporter-output>
          </reporter-output>
        </test-method> <!-- setup -->
        <test-method is-config="true" signature="setupPages()[pri:0, instance:com.orangehrm.test.LoginPageTest@6475472c]" started-at="2026-06-26T08:03:13 IST" name="setupPages" finished-at="2026-06-26T08:03:13 IST" duration-ms="2" status="PASS">
          <reporter-output>
          </reporter-output>
        </test-method> <!-- setupPages -->
        <test-method signature="inValidLoginTest(java.lang.String,java.lang.String)[pri:0, instance:com.orangehrm.test.LoginPageTest@6475472c]" started-at="2026-06-26T08:03:13 IST" name="inValidLoginTest" data-provider="inValidLoginData" finished-at="2026-06-26T08:03:14 IST" duration-ms="1327" status="PASS">
          <params>
            <param index="0">
              <value>
                <![CDATA[admin1]]>
              </value>
            </param>
            <param index="1">
              <value>
                <![CDATA[admin123]]>
              </value>
            </param>
          </params>
          <reporter-output>
          </reporter-output>
        </test-method> <!-- inValidLoginTest -->
        <test-method is-config="true" signature="tearDown()[pri:0, instance:com.orangehrm.test.LoginPageTest@6475472c]" started-at="2026-06-26T08:03:14 IST" name="tearDown" finished-at="2026-06-26T08:03:14 IST" duration-ms="124" status="PASS">
          <reporter-output>
          </reporter-output>
        </test-method> <!-- tearDown -->
        <test-method is-config="true" signature="setup(java.lang.String)[pri:0, instance:com.orangehrm.test.LoginPageTest@6475472c]" started-at="2026-06-26T08:03:14 IST" name="setup" finished-at="2026-06-26T08:03:17 IST" duration-ms="3205" status="PASS">
          <params>
            <param index="0">
              <value>
                <![CDATA[chrome]]>
              </value>
            </param>
          </params>
          <reporter-output>
          </reporter-output>
        </test-method> <!-- setup -->
        <test-method is-config="true" signature="setupPages()[pri:0, instance:com.orangehrm.test.LoginPageTest@6475472c]" started-at="2026-06-26T08:03:17 IST" name="setupPages" finished-at="2026-06-26T08:03:17 IST" duration-ms="1" status="PASS">
          <reporter-output>
          </reporter-output>
        </test-method> <!-- setupPages -->
        <test-method signature="verifyValidLoginTest(java.lang.String,java.lang.String)[pri:0, instance:com.orangehrm.test.LoginPageTest@6475472c]" started-at="2026-06-26T08:03:17 IST" name="verifyValidLoginTest" data-provider="validLoginData" finished-at="2026-06-26T08:03:21 IST" duration-ms="3262" status="PASS">
          <params>
            <param index="0">
              <value>
                <![CDATA[ravi_kanth]]>
              </value>
            </param>
            <param index="1">
              <value>
                <![CDATA[Ravi@@123]]>
              </value>
            </param>
          </params>
          <reporter-output>
          </reporter-output>
        </test-method> <!-- verifyValidLoginTest -->
        <test-method is-config="true" signature="tearDown()[pri:0, instance:com.orangehrm.test.LoginPageTest@6475472c]" started-at="2026-06-26T08:03:21 IST" name="tearDown" finished-at="2026-06-26T08:03:21 IST" duration-ms="144" status="PASS">
          <reporter-output>
          </reporter-output>
        </test-method> <!-- tearDown -->
      </class> <!-- com.orangehrm.test.LoginPageTest -->
      <class name="com.orangehrm.test.DBVerificationTest">
        <test-method is-config="true" signature="setup(java.lang.String)[pri:0, instance:com.orangehrm.test.DBVerificationTest@5644dc81]" started-at="2026-06-26T08:03:29 IST" name="setup" finished-at="2026-06-26T08:03:33 IST" duration-ms="3139" status="PASS">
          <params>
            <param index="0">
              <value>
                <![CDATA[chrome]]>
              </value>
            </param>
          </params>
          <reporter-output>
          </reporter-output>
        </test-method> <!-- setup -->
        <test-method is-config="true" signature="setupPages()[pri:0, instance:com.orangehrm.test.DBVerificationTest@5644dc81]" started-at="2026-06-26T08:03:33 IST" name="setupPages" finished-at="2026-06-26T08:03:33 IST" duration-ms="1" status="PASS">
          <reporter-output>
          </reporter-output>
        </test-method> <!-- setupPages -->
        <test-method signature="verifyEmployeeNameVerificationFromDB(java.lang.String,java.lang.String)[pri:0, instance:com.orangehrm.test.DBVerificationTest@5644dc81]" started-at="2026-06-26T08:03:33 IST" name="verifyEmployeeNameVerificationFromDB" data-provider="emplVerification" finished-at="2026-06-26T08:03:39 IST" duration-ms="6118" status="PASS">
          <params>
            <param index="0">
              <value>
                <![CDATA[1]]>
              </value>
            </param>
            <param index="1">
              <value>
                <![CDATA[ravi]]>
              </value>
            </param>
          </params>
          <reporter-output>
          </reporter-output>
        </test-method> <!-- verifyEmployeeNameVerificationFromDB -->
        <test-method is-config="true" signature="tearDown()[pri:0, instance:com.orangehrm.test.DBVerificationTest@5644dc81]" started-at="2026-06-26T08:03:39 IST" name="tearDown" finished-at="2026-06-26T08:03:39 IST" duration-ms="133" status="PASS">
          <reporter-output>
          </reporter-output>
        </test-method> <!-- tearDown -->
      </class> <!-- com.orangehrm.test.DBVerificationTest -->
    </test> <!-- OrangeHRMTest -->
  </suite> <!-- OrangeHRMSuite -->
</testng-results>
