<?xml version="1.0" encoding="UTF-8"?>
<testng-results ignored="0" total="7" passed="7" failed="0" skipped="0">
  <reporter-output>
  </reporter-output>
  <suite started-at="2026-06-27T18:03:31 IST" name="OrangeHRMSuite" finished-at="2026-06-27T18:04:07 IST" duration-ms="35540">
    <groups>
    </groups>
    <test started-at="2026-06-27T18:03:31 IST" name="OrangeHRMTest_chrome" finished-at="2026-06-27T18:03:34 IST" duration-ms="3031">
      <class name="com.orangehrm.test.ApiTest">
        <test-method signature="verifyGetUserAPI()[pri:0, instance:com.orangehrm.test.ApiTest@783a467b]" started-at="2026-06-27T18:03:31 IST" name="verifyGetUserAPI" finished-at="2026-06-27T18:03:34 IST" duration-ms="2865" status="PASS">
          <reporter-output>
          </reporter-output>
        </test-method> <!-- verifyGetUserAPI -->
      </class> <!-- com.orangehrm.test.ApiTest -->
    </test> <!-- OrangeHRMTest_chrome -->
    <test started-at="2026-06-27T18:03:31 IST" name="OrangeHRMTest_edge" finished-at="2026-06-27T18:03:39 IST" duration-ms="7735">
      <class name="com.orangehrm.test.DummyClass">
        <test-method is-config="true" signature="setup(java.lang.String)[pri:0, instance:com.orangehrm.test.DummyClass@1e7aa82b]" started-at="2026-06-27T18:03:31 IST" name="setup" finished-at="2026-06-27T18:03:36 IST" duration-ms="4148" status="PASS">
          <params>
            <param index="0">
              <value>
                <![CDATA[edge]]>
              </value>
            </param>
          </params>
          <reporter-output>
          </reporter-output>
        </test-method> <!-- setup -->
        <test-method signature="dummyTest()[pri:0, instance:com.orangehrm.test.DummyClass@1e7aa82b]" started-at="2026-06-27T18:03:36 IST" name="dummyTest" finished-at="2026-06-27T18:03:36 IST" duration-ms="22" status="PASS">
          <reporter-output>
          </reporter-output>
        </test-method> <!-- dummyTest -->
        <test-method is-config="true" signature="tearDown()[pri:0, instance:com.orangehrm.test.DummyClass@1e7aa82b]" started-at="2026-06-27T18:03:36 IST" name="tearDown" finished-at="2026-06-27T18:03:36 IST" duration-ms="89" status="PASS">
          <reporter-output>
          </reporter-output>
        </test-method> <!-- tearDown -->
      </class> <!-- com.orangehrm.test.DummyClass -->
      <class name="com.orangehrm.test.DummyClass2">
        <test-method is-config="true" signature="setup(java.lang.String)[pri:0, instance:com.orangehrm.test.DummyClass2@3b2c0e88]" started-at="2026-06-27T18:03:36 IST" name="setup" finished-at="2026-06-27T18:03:39 IST" duration-ms="3116" status="PASS">
          <params>
            <param index="0">
              <value>
                <![CDATA[edge]]>
              </value>
            </param>
          </params>
          <reporter-output>
          </reporter-output>
        </test-method> <!-- setup -->
        <test-method signature="dummyTest2()[pri:0, instance:com.orangehrm.test.DummyClass2@3b2c0e88]" started-at="2026-06-27T18:03:39 IST" name="dummyTest2" finished-at="2026-06-27T18:03:39 IST" duration-ms="13" status="PASS">
          <reporter-output>
          </reporter-output>
        </test-method> <!-- dummyTest2 -->
        <test-method is-config="true" signature="tearDown()[pri:0, instance:com.orangehrm.test.DummyClass2@3b2c0e88]" started-at="2026-06-27T18:03:39 IST" name="tearDown" finished-at="2026-06-27T18:03:39 IST" duration-ms="82" status="PASS">
          <reporter-output>
          </reporter-output>
        </test-method> <!-- tearDown -->
      </class> <!-- com.orangehrm.test.DummyClass2 -->
    </test> <!-- OrangeHRMTest_edge -->
    <test started-at="2026-06-27T18:03:31 IST" name="OrangeHRMTest_firefox" finished-at="2026-06-27T18:04:07 IST" duration-ms="35540">
      <class name="com.orangehrm.test.HomePageTest">
        <test-method is-config="true" signature="setup(java.lang.String)[pri:0, instance:com.orangehrm.test.HomePageTest@686449f9]" started-at="2026-06-27T18:03:59 IST" name="setup" finished-at="2026-06-27T18:04:02 IST" duration-ms="3962" status="PASS">
          <params>
            <param index="0">
              <value>
                <![CDATA[firefox]]>
              </value>
            </param>
          </params>
          <reporter-output>
          </reporter-output>
        </test-method> <!-- setup -->
        <test-method signature="verifyOrangeHRMLogo(java.lang.String,java.lang.String)[pri:0, instance:com.orangehrm.test.HomePageTest@686449f9]" started-at="2026-06-27T18:04:02 IST" name="verifyOrangeHRMLogo" data-provider="validLoginData" finished-at="2026-06-27T18:04:06 IST" duration-ms="3857" status="PASS">
          <params>
            <param index="0">
              <value>
                <![CDATA[ravi_kanth]]>
              </value>
            </param>
            <param index="1">
              <value>
                <![CDATA[Ravi@@123]]>
              </value>
            </param>
          </params>
          <reporter-output>
          </reporter-output>
        </test-method> <!-- verifyOrangeHRMLogo -->
        <test-method is-config="true" signature="setupPages()[pri:0, instance:com.orangehrm.test.HomePageTest@686449f9]" started-at="2026-06-27T18:04:02 IST" name="setupPages" finished-at="2026-06-27T18:04:02 IST" duration-ms="0" status="PASS">
          <reporter-output>
          </reporter-output>
        </test-method> <!-- setupPages -->
        <test-method is-config="true" signature="tearDown()[pri:0, instance:com.orangehrm.test.HomePageTest@686449f9]" started-at="2026-06-27T18:04:06 IST" name="tearDown" finished-at="2026-06-27T18:04:07 IST" duration-ms="407" status="PASS">
          <reporter-output>
          </reporter-output>
        </test-method> <!-- tearDown -->
      </class> <!-- com.orangehrm.test.HomePageTest -->
      <class name="com.orangehrm.test.LoginPageTest">
        <test-method is-config="true" signature="setup(java.lang.String)[pri:0, instance:com.orangehrm.test.LoginPageTest@58fe0499]" started-at="2026-06-27T18:03:44 IST" name="setup" finished-at="2026-06-27T18:03:48 IST" duration-ms="3922" status="PASS">
          <params>
            <param index="0">
              <value>
                <![CDATA[firefox]]>
              </value>
            </param>
          </params>
          <reporter-output>
          </reporter-output>
        </test-method> <!-- setup -->
        <test-method signature="inValidLoginTest(java.lang.String,java.lang.String)[pri:0, instance:com.orangehrm.test.LoginPageTest@58fe0499]" started-at="2026-06-27T18:03:48 IST" name="inValidLoginTest" data-provider="inValidLoginData" finished-at="2026-06-27T18:03:50 IST" duration-ms="1546" status="PASS">
          <params>
            <param index="0">
              <value>
                <![CDATA[admin1]]>
              </value>
            </param>
            <param index="1">
              <value>
                <![CDATA[admin123]]>
              </value>
            </param>
          </params>
          <reporter-output>
          </reporter-output>
        </test-method> <!-- inValidLoginTest -->
        <test-method is-config="true" signature="setupPages()[pri:0, instance:com.orangehrm.test.LoginPageTest@58fe0499]" started-at="2026-06-27T18:03:48 IST" name="setupPages" finished-at="2026-06-27T18:03:48 IST" duration-ms="0" status="PASS">
          <reporter-output>
          </reporter-output>
        </test-method> <!-- setupPages -->
        <test-method is-config="true" signature="tearDown()[pri:0, instance:com.orangehrm.test.LoginPageTest@58fe0499]" started-at="2026-06-27T18:03:50 IST" name="tearDown" finished-at="2026-06-27T18:03:50 IST" duration-ms="501" status="PASS">
          <reporter-output>
          </reporter-output>
        </test-method> <!-- tearDown -->
        <test-method is-config="true" signature="setup(java.lang.String)[pri:0, instance:com.orangehrm.test.LoginPageTest@58fe0499]" started-at="2026-06-27T18:03:50 IST" name="setup" finished-at="2026-06-27T18:03:54 IST" duration-ms="3917" status="PASS">
          <params>
            <param index="0">
              <value>
                <![CDATA[firefox]]>
              </value>
            </param>
          </params>
          <reporter-output>
          </reporter-output>
        </test-method> <!-- setup -->
        <test-method signature="verifyValidLoginTest(java.lang.String,java.lang.String)[pri:0, instance:com.orangehrm.test.LoginPageTest@58fe0499]" started-at="2026-06-27T18:03:54 IST" name="verifyValidLoginTest" data-provider="validLoginData" finished-at="2026-06-27T18:03:58 IST" duration-ms="4053" status="PASS">
          <params>
            <param index="0">
              <value>
                <![CDATA[ravi_kanth]]>
              </value>
            </param>
            <param index="1">
              <value>
                <![CDATA[Ravi@@123]]>
              </value>
            </param>
          </params>
          <reporter-output>
          </reporter-output>
        </test-method> <!-- verifyValidLoginTest -->
        <test-method is-config="true" signature="setupPages()[pri:0, instance:com.orangehrm.test.LoginPageTest@58fe0499]" started-at="2026-06-27T18:03:54 IST" name="setupPages" finished-at="2026-06-27T18:03:54 IST" duration-ms="0" status="PASS">
          <reporter-output>
          </reporter-output>
        </test-method> <!-- setupPages -->
        <test-method is-config="true" signature="tearDown()[pri:0, instance:com.orangehrm.test.LoginPageTest@58fe0499]" started-at="2026-06-27T18:03:58 IST" name="tearDown" finished-at="2026-06-27T18:03:59 IST" duration-ms="404" status="PASS">
          <reporter-output>
          </reporter-output>
        </test-method> <!-- tearDown -->
      </class> <!-- com.orangehrm.test.LoginPageTest -->
      <class name="com.orangehrm.test.DBVerificationTest">
        <test-method is-config="true" signature="loadConfig()[pri:0, instance:com.orangehrm.test.DBVerificationTest@6941827a]" started-at="2026-06-27T18:03:31 IST" name="loadConfig" finished-at="2026-06-27T18:03:31 IST" duration-ms="19" status="PASS">
          <reporter-output>
          </reporter-output>
        </test-method> <!-- loadConfig -->
        <test-method is-config="true" signature="setup(java.lang.String)[pri:0, instance:com.orangehrm.test.DBVerificationTest@6941827a]" started-at="2026-06-27T18:03:32 IST" name="setup" finished-at="2026-06-27T18:03:37 IST" duration-ms="5072" status="PASS">
          <params>
            <param index="0">
              <value>
                <![CDATA[firefox]]>
              </value>
            </param>
          </params>
          <reporter-output>
          </reporter-output>
        </test-method> <!-- setup -->
        <test-method is-config="true" signature="setupPages()[pri:0, instance:com.orangehrm.test.DBVerificationTest@6941827a]" started-at="2026-06-27T18:03:37 IST" name="setupPages" finished-at="2026-06-27T18:03:37 IST" duration-ms="1" status="PASS">
          <reporter-output>
          </reporter-output>
        </test-method> <!-- setupPages -->
        <test-method signature="verifyEmployeeNameVerificationFromDB(java.lang.String,java.lang.String)[pri:0, instance:com.orangehrm.test.DBVerificationTest@6941827a]" started-at="2026-06-27T18:03:37 IST" name="verifyEmployeeNameVerificationFromDB" data-provider="emplVerification" finished-at="2026-06-27T18:03:44 IST" duration-ms="6114" status="PASS">
          <params>
            <param index="0">
              <value>
                <![CDATA[1]]>
              </value>
            </param>
            <param index="1">
              <value>
                <![CDATA[ravi]]>
              </value>
            </param>
          </params>
          <reporter-output>
          </reporter-output>
        </test-method> <!-- verifyEmployeeNameVerificationFromDB -->
        <test-method is-config="true" signature="tearDown()[pri:0, instance:com.orangehrm.test.DBVerificationTest@6941827a]" started-at="2026-06-27T18:03:44 IST" name="tearDown" finished-at="2026-06-27T18:03:44 IST" duration-ms="406" status="PASS">
          <reporter-output>
          </reporter-output>
        </test-method> <!-- tearDown -->
      </class> <!-- com.orangehrm.test.DBVerificationTest -->
    </test> <!-- OrangeHRMTest_firefox -->
  </suite> <!-- OrangeHRMSuite -->
</testng-results>
