<?xml version="1.0" encoding="UTF-8"?>
<testng-results ignored="0" total="5" passed="4" failed="0" skipped="1">
  <reporter-output>
  </reporter-output>
  <suite started-at="2026-06-21T19:37:12 IST" name="OrangeHRMSuite" finished-at="2026-06-21T19:39:55 IST" duration-ms="163253">
    <groups>
    </groups>
    <test started-at="2026-06-21T19:37:12 IST" name="OrangeHRMTest" finished-at="2026-06-21T19:39:55 IST" duration-ms="163253">
      <class name="com.OrangeHRM.test.HomePageTest">
        <test-method is-config="true" signature="setup()[pri:0, instance:com.OrangeHRM.test.HomePageTest@4da602fc]" started-at="2026-06-21T19:39:22 IST" name="setup" finished-at="2026-06-21T19:39:49 IST" duration-ms="27161" status="PASS">
          <reporter-output>
          </reporter-output>
        </test-method> <!-- setup -->
        <test-method is-config="true" signature="setupPages()[pri:0, instance:com.OrangeHRM.test.HomePageTest@4da602fc]" started-at="2026-06-21T19:39:49 IST" name="setupPages" finished-at="2026-06-21T19:39:49 IST" duration-ms="1" status="PASS">
          <reporter-output>
          </reporter-output>
        </test-method> <!-- setupPages -->
        <test-method signature="verfiyOrangeHRMLogo(java.lang.String,java.lang.String)[pri:0, instance:com.OrangeHRM.test.HomePageTest@4da602fc]" started-at="2026-06-21T19:39:49 IST" name="verfiyOrangeHRMLogo" data-provider="validLoginData" finished-at="2026-06-21T19:39:53 IST" duration-ms="3883" status="PASS">
          <params>
            <param index="0">
              <value>
                <![CDATA[Admin]]>
              </value>
            </param>
            <param index="1">
              <value>
                <![CDATA[admin123]]>
              </value>
            </param>
          </params>
          <reporter-output>
          </reporter-output>
        </test-method> <!-- verfiyOrangeHRMLogo -->
        <test-method is-config="true" signature="teardown()[pri:0, instance:com.OrangeHRM.test.HomePageTest@4da602fc]" started-at="2026-06-21T19:39:54 IST" name="teardown" finished-at="2026-06-21T19:39:55 IST" duration-ms="1837" status="PASS">
          <reporter-output>
          </reporter-output>
        </test-method> <!-- teardown -->
      </class> <!-- com.OrangeHRM.test.HomePageTest -->
      <class name="com.OrangeHRM.test.LoginPageTest">
        <test-method is-config="true" signature="setup()[pri:0, instance:com.OrangeHRM.test.LoginPageTest@62452cc9]" started-at="2026-06-21T19:38:18 IST" name="setup" finished-at="2026-06-21T19:38:39 IST" duration-ms="21097" status="PASS">
          <reporter-output>
          </reporter-output>
        </test-method> <!-- setup -->
        <test-method is-config="true" signature="setupPages()[pri:0, instance:com.OrangeHRM.test.LoginPageTest@62452cc9]" started-at="2026-06-21T19:38:39 IST" name="setupPages" finished-at="2026-06-21T19:38:39 IST" duration-ms="3" status="PASS">
          <reporter-output>
          </reporter-output>
        </test-method> <!-- setupPages -->
        <test-method signature="inValidLoginTest(java.lang.String,java.lang.String)[pri:0, instance:com.OrangeHRM.test.LoginPageTest@62452cc9]" started-at="2026-06-21T19:38:39 IST" name="inValidLoginTest" data-provider="inValidLoginData" finished-at="2026-06-21T19:38:43 IST" duration-ms="4175" status="PASS">
          <params>
            <param index="0">
              <value>
                <![CDATA[admin1]]>
              </value>
            </param>
            <param index="1">
              <value>
                <![CDATA[admin123]]>
              </value>
            </param>
          </params>
          <reporter-output>
          </reporter-output>
        </test-method> <!-- inValidLoginTest -->
        <test-method is-config="true" signature="teardown()[pri:0, instance:com.OrangeHRM.test.LoginPageTest@62452cc9]" started-at="2026-06-21T19:38:43 IST" name="teardown" finished-at="2026-06-21T19:38:43 IST" duration-ms="273" status="PASS">
          <reporter-output>
          </reporter-output>
        </test-method> <!-- teardown -->
        <test-method is-config="true" signature="setup()[pri:0, instance:com.OrangeHRM.test.LoginPageTest@62452cc9]" started-at="2026-06-21T19:38:43 IST" name="setup" finished-at="2026-06-21T19:39:12 IST" duration-ms="28294" status="PASS">
          <reporter-output>
          </reporter-output>
        </test-method> <!-- setup -->
        <test-method is-config="true" signature="setupPages()[pri:0, instance:com.OrangeHRM.test.LoginPageTest@62452cc9]" started-at="2026-06-21T19:39:12 IST" name="setupPages" finished-at="2026-06-21T19:39:12 IST" duration-ms="1" status="PASS">
          <reporter-output>
          </reporter-output>
        </test-method> <!-- setupPages -->
        <test-method signature="verifyValidLoginTest(java.lang.String,java.lang.String)[pri:0, instance:com.OrangeHRM.test.LoginPageTest@62452cc9]" started-at="2026-06-21T19:39:12 IST" name="verifyValidLoginTest" data-provider="validLoginData" finished-at="2026-06-21T19:39:22 IST" duration-ms="10166" status="PASS">
          <params>
            <param index="0">
              <value>
                <![CDATA[Admin]]>
              </value>
            </param>
            <param index="1">
              <value>
                <![CDATA[admin123]]>
              </value>
            </param>
          </params>
          <reporter-output>
          </reporter-output>
        </test-method> <!-- verifyValidLoginTest -->
        <test-method is-config="true" signature="teardown()[pri:0, instance:com.OrangeHRM.test.LoginPageTest@62452cc9]" started-at="2026-06-21T19:39:22 IST" name="teardown" finished-at="2026-06-21T19:39:22 IST" duration-ms="315" status="PASS">
          <reporter-output>
          </reporter-output>
        </test-method> <!-- teardown -->
      </class> <!-- com.OrangeHRM.test.LoginPageTest -->
      <class name="com.OrangeHRM.test.DummyTest">
        <test-method is-config="true" signature="loadconfig()[pri:0, instance:com.OrangeHRM.test.DummyTest@5d2a4eed]" started-at="2026-06-21T19:37:12 IST" name="loadconfig" finished-at="2026-06-21T19:37:12 IST" duration-ms="31" status="PASS">
          <reporter-output>
          </reporter-output>
        </test-method> <!-- loadconfig -->
        <test-method is-config="true" signature="setup()[pri:0, instance:com.OrangeHRM.test.DummyTest@5d2a4eed]" started-at="2026-06-21T19:37:12 IST" name="setup" finished-at="2026-06-21T19:37:48 IST" duration-ms="35168" status="PASS">
          <reporter-output>
          </reporter-output>
        </test-method> <!-- setup -->
        <test-method signature="dummyTest()[pri:0, instance:com.OrangeHRM.test.DummyTest@5d2a4eed]" started-at="2026-06-21T19:37:48 IST" name="dummyTest" finished-at="2026-06-21T19:37:48 IST" duration-ms="28" status="SKIP">
          <exception class="org.testng.SkipException">
            <message>
              <![CDATA[skipping test as part of testing]]>
            </message>
            <full-stacktrace>
              <![CDATA[org.testng.SkipException: skipping test as part of testing
at com.OrangeHRM.test.DummyTest.dummyTest(DummyTest.java:20)
at java.base/jdk.internal.reflect.NativeMethodAccessorImpl.invoke0(Native Method)
at java.base/jdk.internal.reflect.NativeMethodAccessorImpl.invoke(NativeMethodAccessorImpl.java:77)
at java.base/jdk.internal.reflect.DelegatingMethodAccessorImpl.invoke(DelegatingMethodAccessorImpl.java:43)
at java.base/java.lang.reflect.Method.invoke(Method.java:568)
at org.testng.internal.invokers.MethodInvocationHelper.invokeMethod(MethodInvocationHelper.java:141)
at org.testng.internal.invokers.TestInvoker.invokeMethod(TestInvoker.java:687)
at org.testng.internal.invokers.TestInvoker.invokeTestMethod(TestInvoker.java:230)
at org.testng.internal.invokers.MethodRunner.runInSequence(MethodRunner.java:63)
at org.testng.internal.invokers.TestInvoker$MethodInvocationAgent.invoke(TestInvoker.java:995)
at org.testng.internal.invokers.TestInvoker.invokeTestMethods(TestInvoker.java:203)
at org.testng.internal.invokers.TestMethodWorker.invokeTestMethods(TestMethodWorker.java:154)
at org.testng.internal.invokers.TestMethodWorker.run(TestMethodWorker.java:134)
at java.base/java.util.ArrayList.forEach(ArrayList.java:1511)
at org.testng.TestRunner.privateRun(TestRunner.java:741)
at org.testng.TestRunner.run(TestRunner.java:616)
at org.testng.SuiteRunner.runTest(SuiteRunner.java:421)
at org.testng.SuiteRunner.runSequentially(SuiteRunner.java:413)
at org.testng.SuiteRunner.privateRun(SuiteRunner.java:373)
at org.testng.SuiteRunner.run(SuiteRunner.java:312)
at org.testng.SuiteRunnerWorker.runSuite(SuiteRunnerWorker.java:52)
at org.testng.SuiteRunnerWorker.run(SuiteRunnerWorker.java:95)
at org.testng.TestNG.runSuitesSequentially(TestNG.java:1274)
at org.testng.TestNG.runSuitesLocally(TestNG.java:1208)
at org.testng.TestNG.runSuites(TestNG.java:1112)
at org.testng.TestNG.run(TestNG.java:1079)
at org.testng.remote.AbstractRemoteTestNG.run(AbstractRemoteTestNG.java:115)
at org.testng.remote.RemoteTestNG.initAndRun(RemoteTestNG.java:293)
at org.testng.remote.RemoteTestNG.main(RemoteTestNG.java:91)
]]>
            </full-stacktrace>
          </exception> <!-- org.testng.SkipException -->
          <reporter-output>
          </reporter-output>
        </test-method> <!-- dummyTest -->
        <test-method is-config="true" signature="teardown()[pri:0, instance:com.OrangeHRM.test.DummyTest@5d2a4eed]" started-at="2026-06-21T19:37:48 IST" name="teardown" finished-at="2026-06-21T19:37:48 IST" duration-ms="289" status="PASS">
          <reporter-output>
          </reporter-output>
        </test-method> <!-- teardown -->
      </class> <!-- com.OrangeHRM.test.DummyTest -->
      <class name="com.OrangeHRM.test.DummyTest2">
        <test-method is-config="true" signature="setup()[pri:0, instance:com.OrangeHRM.test.DummyTest2@7e22550a]" started-at="2026-06-21T19:37:48 IST" name="setup" finished-at="2026-06-21T19:38:16 IST" duration-ms="28456" status="PASS">
          <reporter-output>
          </reporter-output>
        </test-method> <!-- setup -->
        <test-method signature="dummyTest()[pri:0, instance:com.OrangeHRM.test.DummyTest2@7e22550a]" started-at="2026-06-21T19:38:16 IST" name="dummyTest" finished-at="2026-06-21T19:38:16 IST" duration-ms="17" status="PASS">
          <reporter-output>
          </reporter-output>
        </test-method> <!-- dummyTest -->
        <test-method is-config="true" signature="teardown()[pri:0, instance:com.OrangeHRM.test.DummyTest2@7e22550a]" started-at="2026-06-21T19:38:17 IST" name="teardown" finished-at="2026-06-21T19:38:17 IST" duration-ms="253" status="PASS">
          <reporter-output>
          </reporter-output>
        </test-method> <!-- teardown -->
      </class> <!-- com.OrangeHRM.test.DummyTest2 -->
    </test> <!-- OrangeHRMTest -->
  </suite> <!-- OrangeHRMSuite -->
</testng-results>
