<?xml version="1.0" encoding="UTF-8"?>
<testng-results ignored="0" total="7" passed="7" failed="0" skipped="0">
  <reporter-output>
  </reporter-output>
  <suite started-at="2026-06-26T08:01:47 IST" name="OrangeHRMSuite" finished-at="2026-06-26T08:02:25 IST" duration-ms="37713">
    <groups>
    </groups>
    <test started-at="2026-06-26T08:01:47 IST" name="OrangeHRMTest" finished-at="2026-06-26T08:02:25 IST" duration-ms="37713">
      <class name="com.orangehrm.test.HomePageTest">
        <test-method is-config="true" signature="setup(java.lang.String)[pri:0, instance:com.orangehrm.test.HomePageTest@201b6b6f]" started-at="2026-06-26T08:02:07 IST" name="setup" finished-at="2026-06-26T08:02:10 IST" duration-ms="3129" status="PASS">
          <params>
            <param index="0">
              <value>
                <![CDATA[chrome]]>
              </value>
            </param>
          </params>
          <reporter-output>
          </reporter-output>
        </test-method> <!-- setup -->
        <test-method signature="verifyOrangeHRMLogo(java.lang.String,java.lang.String)[pri:0, instance:com.orangehrm.test.HomePageTest@201b6b6f]" started-at="2026-06-26T08:02:10 IST" name="verifyOrangeHRMLogo" data-provider="validLoginData" finished-at="2026-06-26T08:02:13 IST" duration-ms="3346" status="PASS">
          <params>
            <param index="0">
              <value>
                <![CDATA[ravi_kanth]]>
              </value>
            </param>
            <param index="1">
              <value>
                <![CDATA[Ravi@@123]]>
              </value>
            </param>
          </params>
          <reporter-output>
          </reporter-output>
        </test-method> <!-- verifyOrangeHRMLogo -->
        <test-method is-config="true" signature="setupPages()[pri:0, instance:com.orangehrm.test.HomePageTest@201b6b6f]" started-at="2026-06-26T08:02:10 IST" name="setupPages" finished-at="2026-06-26T08:02:10 IST" duration-ms="0" status="PASS">
          <reporter-output>
          </reporter-output>
        </test-method> <!-- setupPages -->
        <test-method is-config="true" signature="tearDown()[pri:0, instance:com.orangehrm.test.HomePageTest@201b6b6f]" started-at="2026-06-26T08:02:13 IST" name="tearDown" finished-at="2026-06-26T08:02:13 IST" duration-ms="126" status="PASS">
          <reporter-output>
          </reporter-output>
        </test-method> <!-- tearDown -->
      </class> <!-- com.orangehrm.test.HomePageTest -->
      <class name="com.orangehrm.test.DummyClass">
        <test-method is-config="true" signature="loadConfig()[pri:0, instance:com.orangehrm.test.DummyClass@a5bd950]" started-at="2026-06-26T08:01:47 IST" name="loadConfig" finished-at="2026-06-26T08:01:47 IST" duration-ms="18" status="PASS">
          <reporter-output>
          </reporter-output>
        </test-method> <!-- loadConfig -->
        <test-method is-config="true" signature="setup(java.lang.String)[pri:0, instance:com.orangehrm.test.DummyClass@a5bd950]" started-at="2026-06-26T08:01:47 IST" name="setup" finished-at="2026-06-26T08:01:51 IST" duration-ms="3728" status="PASS">
          <params>
            <param index="0">
              <value>
                <![CDATA[chrome]]>
              </value>
            </param>
          </params>
          <reporter-output>
          </reporter-output>
        </test-method> <!-- setup -->
        <test-method signature="dummyTest()[pri:0, instance:com.orangehrm.test.DummyClass@a5bd950]" started-at="2026-06-26T08:01:51 IST" name="dummyTest" finished-at="2026-06-26T08:01:51 IST" duration-ms="20" status="PASS">
          <reporter-output>
          </reporter-output>
        </test-method> <!-- dummyTest -->
        <test-method is-config="true" signature="tearDown()[pri:0, instance:com.orangehrm.test.DummyClass@a5bd950]" started-at="2026-06-26T08:01:51 IST" name="tearDown" finished-at="2026-06-26T08:01:51 IST" duration-ms="150" status="PASS">
          <reporter-output>
          </reporter-output>
        </test-method> <!-- tearDown -->
      </class> <!-- com.orangehrm.test.DummyClass -->
      <class name="com.orangehrm.test.DummyClass2">
        <test-method is-config="true" signature="setup(java.lang.String)[pri:0, instance:com.orangehrm.test.DummyClass2@16746061]" started-at="2026-06-26T08:01:51 IST" name="setup" finished-at="2026-06-26T08:01:54 IST" duration-ms="3162" status="PASS">
          <params>
            <param index="0">
              <value>
                <![CDATA[chrome]]>
              </value>
            </param>
          </params>
          <reporter-output>
          </reporter-output>
        </test-method> <!-- setup -->
        <test-method signature="dummyTest2()[pri:0, instance:com.orangehrm.test.DummyClass2@16746061]" started-at="2026-06-26T08:01:54 IST" name="dummyTest2" finished-at="2026-06-26T08:01:54 IST" duration-ms="10" status="PASS">
          <reporter-output>
          </reporter-output>
        </test-method> <!-- dummyTest2 -->
        <test-method is-config="true" signature="tearDown()[pri:0, instance:com.orangehrm.test.DummyClass2@16746061]" started-at="2026-06-26T08:01:55 IST" name="tearDown" finished-at="2026-06-26T08:01:55 IST" duration-ms="128" status="PASS">
          <reporter-output>
          </reporter-output>
        </test-method> <!-- tearDown -->
      </class> <!-- com.orangehrm.test.DummyClass2 -->
      <class name="com.orangehrm.test.ApiTest">
        <test-method signature="verifyGetUserAPI()[pri:0, instance:com.orangehrm.test.ApiTest@75459c75]" started-at="2026-06-26T08:02:13 IST" name="verifyGetUserAPI" finished-at="2026-06-26T08:02:15 IST" duration-ms="1891" status="PASS">
          <reporter-output>
          </reporter-output>
        </test-method> <!-- verifyGetUserAPI -->
      </class> <!-- com.orangehrm.test.ApiTest -->
      <class name="com.orangehrm.test.LoginPageTest">
        <test-method is-config="true" signature="setup(java.lang.String)[pri:0, instance:com.orangehrm.test.LoginPageTest@57fd91c9]" started-at="2026-06-26T08:01:55 IST" name="setup" finished-at="2026-06-26T08:01:58 IST" duration-ms="3145" status="PASS">
          <params>
            <param index="0">
              <value>
                <![CDATA[chrome]]>
              </value>
            </param>
          </params>
          <reporter-output>
          </reporter-output>
        </test-method> <!-- setup -->
        <test-method is-config="true" signature="setupPages()[pri:0, instance:com.orangehrm.test.LoginPageTest@57fd91c9]" started-at="2026-06-26T08:01:58 IST" name="setupPages" finished-at="2026-06-26T08:01:58 IST" duration-ms="2" status="PASS">
          <reporter-output>
          </reporter-output>
        </test-method> <!-- setupPages -->
        <test-method signature="inValidLoginTest(java.lang.String,java.lang.String)[pri:0, instance:com.orangehrm.test.LoginPageTest@57fd91c9]" started-at="2026-06-26T08:01:58 IST" name="inValidLoginTest" data-provider="inValidLoginData" finished-at="2026-06-26T08:02:00 IST" duration-ms="1401" status="PASS">
          <params>
            <param index="0">
              <value>
                <![CDATA[admin1]]>
              </value>
            </param>
            <param index="1">
              <value>
                <![CDATA[admin123]]>
              </value>
            </param>
          </params>
          <reporter-output>
          </reporter-output>
        </test-method> <!-- inValidLoginTest -->
        <test-method is-config="true" signature="tearDown()[pri:0, instance:com.orangehrm.test.LoginPageTest@57fd91c9]" started-at="2026-06-26T08:02:00 IST" name="tearDown" finished-at="2026-06-26T08:02:00 IST" duration-ms="132" status="PASS">
          <reporter-output>
          </reporter-output>
        </test-method> <!-- tearDown -->
        <test-method is-config="true" signature="setup(java.lang.String)[pri:0, instance:com.orangehrm.test.LoginPageTest@57fd91c9]" started-at="2026-06-26T08:02:00 IST" name="setup" finished-at="2026-06-26T08:02:03 IST" duration-ms="3243" status="PASS">
          <params>
            <param index="0">
              <value>
                <![CDATA[chrome]]>
              </value>
            </param>
          </params>
          <reporter-output>
          </reporter-output>
        </test-method> <!-- setup -->
        <test-method is-config="true" signature="setupPages()[pri:0, instance:com.orangehrm.test.LoginPageTest@57fd91c9]" started-at="2026-06-26T08:02:03 IST" name="setupPages" finished-at="2026-06-26T08:02:03 IST" duration-ms="2" status="PASS">
          <reporter-output>
          </reporter-output>
        </test-method> <!-- setupPages -->
        <test-method signature="verifyValidLoginTest(java.lang.String,java.lang.String)[pri:0, instance:com.orangehrm.test.LoginPageTest@57fd91c9]" started-at="2026-06-26T08:02:03 IST" name="verifyValidLoginTest" data-provider="validLoginData" finished-at="2026-06-26T08:02:07 IST" duration-ms="3398" status="PASS">
          <params>
            <param index="0">
              <value>
                <![CDATA[ravi_kanth]]>
              </value>
            </param>
            <param index="1">
              <value>
                <![CDATA[Ravi@@123]]>
              </value>
            </param>
          </params>
          <reporter-output>
          </reporter-output>
        </test-method> <!-- verifyValidLoginTest -->
        <test-method is-config="true" signature="tearDown()[pri:0, instance:com.orangehrm.test.LoginPageTest@57fd91c9]" started-at="2026-06-26T08:02:07 IST" name="tearDown" finished-at="2026-06-26T08:02:07 IST" duration-ms="129" status="PASS">
          <reporter-output>
          </reporter-output>
        </test-method> <!-- tearDown -->
      </class> <!-- com.orangehrm.test.LoginPageTest -->
      <class name="com.orangehrm.test.DBVerificationTest">
        <test-method is-config="true" signature="setup(java.lang.String)[pri:0, instance:com.orangehrm.test.DBVerificationTest@183e8023]" started-at="2026-06-26T08:02:15 IST" name="setup" finished-at="2026-06-26T08:02:18 IST" duration-ms="3135" status="PASS">
          <params>
            <param index="0">
              <value>
                <![CDATA[chrome]]>
              </value>
            </param>
          </params>
          <reporter-output>
          </reporter-output>
        </test-method> <!-- setup -->
        <test-method signature="verifyEmployeeNameVerificationFromDB(java.lang.String,java.lang.String)[pri:0, instance:com.orangehrm.test.DBVerificationTest@183e8023]" started-at="2026-06-26T08:02:18 IST" name="verifyEmployeeNameVerificationFromDB" data-provider="emplVerification" finished-at="2026-06-26T08:02:25 IST" duration-ms="6094" status="PASS">
          <params>
            <param index="0">
              <value>
                <![CDATA[1]]>
              </value>
            </param>
            <param index="1">
              <value>
                <![CDATA[ravi]]>
              </value>
            </param>
          </params>
          <reporter-output>
          </reporter-output>
        </test-method> <!-- verifyEmployeeNameVerificationFromDB -->
        <test-method is-config="true" signature="setupPages()[pri:0, instance:com.orangehrm.test.DBVerificationTest@183e8023]" started-at="2026-06-26T08:02:18 IST" name="setupPages" finished-at="2026-06-26T08:02:18 IST" duration-ms="0" status="PASS">
          <reporter-output>
          </reporter-output>
        </test-method> <!-- setupPages -->
        <test-method is-config="true" signature="tearDown()[pri:0, instance:com.orangehrm.test.DBVerificationTest@183e8023]" started-at="2026-06-26T08:02:25 IST" name="tearDown" finished-at="2026-06-26T08:02:25 IST" duration-ms="123" status="PASS">
          <reporter-output>
          </reporter-output>
        </test-method> <!-- tearDown -->
      </class> <!-- com.orangehrm.test.DBVerificationTest -->
    </test> <!-- OrangeHRMTest -->
  </suite> <!-- OrangeHRMSuite -->
</testng-results>
