<?xml version="1.0" encoding="UTF-8"?>
<!-- Generated by org.testng.reporters.JUnitReportReporter -->
<testsuite hostname="JesusGodsGift" failures="0" tests="2" name="com.OrangeHRM.test.LoginPageTest" time="27.625" errors="0" timestamp="2026-06-13T13:01:30 IST" skipped="0">
  <testcase classname="com.OrangeHRM.test.LoginPageTest" name="verifyValidLoginTest" time="15.053"/>
  <testcase classname="com.OrangeHRM.test.LoginPageTest" name="inValidLoginTest" time="12.572"/>
</testsuite> <!-- com.OrangeHRM.test.LoginPageTest -->
