<?xml version="1.0" encoding="UTF-8"?>
<!-- Generated by org.testng.reporters.JUnitReportReporter -->
<testsuite hostname="JesusGodsGift" failures="0" tests="2" name="com.orangehrm.test.LoginPageTest" time="80.604" errors="0" timestamp="2026-06-27T18:23:47 IST" skipped="0">
  <testcase classname="com.orangehrm.test.LoginPageTest" name="verifyValidLoginTest" time="46.752"/>
  <testcase classname="com.orangehrm.test.LoginPageTest" name="inValidLoginTest" time="33.852"/>
</testsuite> <!-- com.orangehrm.test.LoginPageTest -->
