<?xml version="1.0" encoding="UTF-8"?>
<!-- Generated by org.testng.reporters.JUnitReportReporter -->
<testsuite hostname="JesusGodsGift" failures="0" tests="2" name="com.orangehrm.test.LoginPageTest" time="11.183" errors="0" timestamp="2026-06-26T08:03:39 IST" skipped="0">
  <testcase classname="com.orangehrm.test.LoginPageTest" name="inValidLoginTest" time="4.571"/>
  <testcase classname="com.orangehrm.test.LoginPageTest" name="verifyValidLoginTest" time="6.612"/>
</testsuite> <!-- com.orangehrm.test.LoginPageTest -->
